<!DOCTYPE html>
<html>

<head>
    <meta charset="utf-8" />
    <title>Test Report</title>
    <link rel="stylesheet" href="static/style.css">
</head>

<body onLoad="init()">
    <script src="static/script.js"></script>
    <h1>Race Test Report</h1>
    <p>Report generated: 2019-02-07 07:41:18.</p>
    <h2>Environment</h2>
    <table id="environment">
        <tr>
            <td>Platform</td>
            <td>Windows-10-10.0.17134-SP0</td>
        </tr>
        <tr>
            <td>Python</td>
            <td>3.6.8</td>
        </tr>
    </table>
    <h2>Summary</h2>
    <p>200 tests ran in 3.2704579830169678 seconds. </p>
    <p class="filter" hidden="true">(Un)check the boxes to filter the results.</p>
    
<h1>Results</h1>

<h2>Race 0</h2>
<p>20 tests ran. </p>
<p class="filter" hidden="true">(Un)check the boxes to filter the results.</p>
<h2>Results</h2>

<input 
    checked="true" 
    class="filter" 
    data-prefix-id="_default-" 
    data-test-result="passed" 
    hidden="true" 
    name="filter_checkbox" 
    onChange="filter_table(this)" 
    type="checkbox" 
/>
<span class="passed">16 passed</span>,
<input 
    checked="true" 
    class="filter" 
    data-prefix-id="_default-" 
    data-test-result="skipped" 
    hidden="true" 
    name="filter_checkbox" 
    onChange="filter_table(this)" 
    type="checkbox" 
/>
<span class="skipped">0 skipped</span>,
<input 
    checked="true" 
    class="filter" 
    data-prefix-id="_default-" 
    data-test-result="failed" 
    hidden="true" 
    name="filter_checkbox" 
    onChange="filter_table(this)" 
    type="checkbox" 
/>
<span class="failed">4 failed</span>,
<input 
    checked="true" 
    class="filter" 
    data-prefix-id="_default-" 
    data-test-result="error" 
    hidden="true" 
    name="filter_checkbox" 
    onChange="filter_table(this)" 
    type="checkbox" 
/>
<span class="error">0 error</span>,
<input 
    checked="true" 
    class="filter" 
    data-prefix-id="_default-" 
    data-test-result="xfailed" 
    hidden="true" 
    name="filter_checkbox" 
    onChange="filter_table(this)" 
    type="checkbox" 
/>
<span class="xfailed">0 xfailed</span>,
<input 
    checked="true" 
    class="filter" 
    data-prefix-id="_default-" 
    data-test-result="xpassed" 
    hidden="true" 
    name="filter_checkbox" 
    onChange="filter_table(this)" 
    type="checkbox" 
/>
<span class="xpassed">0 xpassed</span>

<table class="results-table" id="_default-results-table">
    <thead id="_default-results-table-head">
        <tr>
            <th class="sortable result initial-sort" col="result">Result</th>
            <th class="sortable" col="name">Test</th>
            <th class="sortable numeric" col="duration">Duration</th>
            <th>Links</th>
        </tr>
        <tr hidden="true" id="_default-not-found-message">
            <th colspan="4">No results found. Try to check the filters</th>
        </tr>
    </thead>
    
<tbody class="passed results-table-row">
    <tr>
        <td class="col-result">passed</td>
        <td class="col-name">tests/test_main.py::test_mustang_engine_cylinders[0-0]</td>
        <td class="col-duration">0.007</td>
        <td class="col-links"></td>
    </tr>
    <tr>
        <td class="extra" colspan="4">
            <div class="log">No log found.</div>
        </td>
    </tr>
</tbody>

<tbody class="passed results-table-row">
    <tr>
        <td class="col-result">passed</td>
        <td class="col-name">tests/test_main.py::test_mustang_engine_cylinders[1-0]</td>
        <td class="col-duration">0.005</td>
        <td class="col-links"></td>
    </tr>
    <tr>
        <td class="extra" colspan="4">
            <div class="log">No log found.</div>
        </td>
    </tr>
</tbody>

<tbody class="passed results-table-row">
    <tr>
        <td class="col-result">passed</td>
        <td class="col-name">tests/test_main.py::test_mustang_wheel_diameter_gt_14[0-0-0]</td>
        <td class="col-duration">0.006</td>
        <td class="col-links"></td>
    </tr>
    <tr>
        <td class="extra" colspan="4">
            <div class="log">No log found.</div>
        </td>
    </tr>
</tbody>

<tbody class="passed results-table-row">
    <tr>
        <td class="col-result">passed</td>
        <td class="col-name">tests/test_main.py::test_mustang_wheel_diameter_gt_14[0-0-1]</td>
        <td class="col-duration">0.007</td>
        <td class="col-links"></td>
    </tr>
    <tr>
        <td class="extra" colspan="4">
            <div class="log">No log found.</div>
        </td>
    </tr>
</tbody>

<tbody class="passed results-table-row">
    <tr>
        <td class="col-result">passed</td>
        <td class="col-name">tests/test_main.py::test_mustang_wheel_diameter_gt_14[0-0-2]</td>
        <td class="col-duration">0.006</td>
        <td class="col-links"></td>
    </tr>
    <tr>
        <td class="extra" colspan="4">
            <div class="log">No log found.</div>
        </td>
    </tr>
</tbody>

<tbody class="passed results-table-row">
    <tr>
        <td class="col-result">passed</td>
        <td class="col-name">tests/test_main.py::test_mustang_wheel_diameter_gt_14[0-0-3]</td>
        <td class="col-duration">0.006</td>
        <td class="col-links"></td>
    </tr>
    <tr>
        <td class="extra" colspan="4">
            <div class="log">No log found.</div>
        </td>
    </tr>
</tbody>

<tbody class="passed results-table-row">
    <tr>
        <td class="col-result">passed</td>
        <td class="col-name">tests/test_main.py::test_mustang_wheel_diameter_gt_14[1-0-0]</td>
        <td class="col-duration">0.007</td>
        <td class="col-links"></td>
    </tr>
    <tr>
        <td class="extra" colspan="4">
            <div class="log">No log found.</div>
        </td>
    </tr>
</tbody>

<tbody class="passed results-table-row">
    <tr>
        <td class="col-result">passed</td>
        <td class="col-name">tests/test_main.py::test_mustang_wheel_diameter_gt_14[1-0-1]</td>
        <td class="col-duration">0.008</td>
        <td class="col-links"></td>
    </tr>
    <tr>
        <td class="extra" colspan="4">
            <div class="log">No log found.</div>
        </td>
    </tr>
</tbody>

<tbody class="passed results-table-row">
    <tr>
        <td class="col-result">passed</td>
        <td class="col-name">tests/test_main.py::test_mustang_wheel_diameter_gt_14[1-0-2]</td>
        <td class="col-duration">0.006</td>
        <td class="col-links"></td>
    </tr>
    <tr>
        <td class="extra" colspan="4">
            <div class="log">No log found.</div>
        </td>
    </tr>
</tbody>

<tbody class="passed results-table-row">
    <tr>
        <td class="col-result">passed</td>
        <td class="col-name">tests/test_main.py::test_mustang_wheel_diameter_gt_14[1-0-3]</td>
        <td class="col-duration">0.007</td>
        <td class="col-links"></td>
    </tr>
    <tr>
        <td class="extra" colspan="4">
            <div class="log">No log found.</div>
        </td>
    </tr>
</tbody>

<tbody class="passed results-table-row">
    <tr>
        <td class="col-result">passed</td>
        <td class="col-name">tests/test_main.py::test_fiesta_engine_cylinders[0-0]</td>
        <td class="col-duration">0.006</td>
        <td class="col-links"></td>
    </tr>
    <tr>
        <td class="extra" colspan="4">
            <div class="log">No log found.</div>
        </td>
    </tr>
</tbody>

<tbody class="passed results-table-row">
    <tr>
        <td class="col-result">passed</td>
        <td class="col-name">tests/test_main.py::test_fiesta_engine_cylinders[1-0]</td>
        <td class="col-duration">0.007</td>
        <td class="col-links"></td>
    </tr>
    <tr>
        <td class="extra" colspan="4">
            <div class="log">No log found.</div>
        </td>
    </tr>
</tbody>

<tbody class="passed results-table-row">
    <tr>
        <td class="col-result">passed</td>
        <td class="col-name">tests/test_main.py::test_fiesta_wheel_diameter_gt_12[0-0-0]</td>
        <td class="col-duration">0.007</td>
        <td class="col-links"></td>
    </tr>
    <tr>
        <td class="extra" colspan="4">
            <div class="log">No log found.</div>
        </td>
    </tr>
</tbody>

<tbody class="passed results-table-row">
    <tr>
        <td class="col-result">passed</td>
        <td class="col-name">tests/test_main.py::test_fiesta_wheel_diameter_gt_12[0-0-1]</td>
        <td class="col-duration">0.006</td>
        <td class="col-links"></td>
    </tr>
    <tr>
        <td class="extra" colspan="4">
            <div class="log">No log found.</div>
        </td>
    </tr>
</tbody>

<tbody class="failed results-table-row">
    <tr>
        <td class="col-result">failed</td>
        <td class="col-name">tests/test_main.py::test_fiesta_wheel_diameter_gt_12[0-0-2]</td>
        <td class="col-duration">0.008</td>
        <td class="col-links"></td>
    </tr>
    <tr>
        <td class="extra" colspan="4">
            <div class="log">fiesta = <racetest.ford.Fiesta object at 0x0000022760D105C0>, wheel_num = 2

    @pytest.mark.parametrize('wheel_num', [0,1,2,3])
    def test_fiesta_wheel_diameter_gt_12(fiesta, wheel_num):
        wheel = fiesta.wheels[wheel_num]
>       assert wheel.diameter >= 16
E       assert 15.511361060061795 >= 16
E        +  where 15.511361060061795 = <racetest.car.Wheel object at 0x0000022760D101D0>.diameter

tests\test_main.py:19: AssertionError</div>
        </td>
    </tr>
</tbody>

<tbody class="failed results-table-row">
    <tr>
        <td class="col-result">failed</td>
        <td class="col-name">tests/test_main.py::test_fiesta_wheel_diameter_gt_12[0-0-3]</td>
        <td class="col-duration">0.006</td>
        <td class="col-links"></td>
    </tr>
    <tr>
        <td class="extra" colspan="4">
            <div class="log">fiesta = <racetest.ford.Fiesta object at 0x0000022760D1D3C8>, wheel_num = 3

    @pytest.mark.parametrize('wheel_num', [0,1,2,3])
    def test_fiesta_wheel_diameter_gt_12(fiesta, wheel_num):
        wheel = fiesta.wheels[wheel_num]
>       assert wheel.diameter >= 16
E       assert 15.924321395851152 >= 16
E        +  where 15.924321395851152 = <racetest.car.Wheel object at 0x0000022760D1D9E8>.diameter

tests\test_main.py:19: AssertionError</div>
        </td>
    </tr>
</tbody>

<tbody class="passed results-table-row">
    <tr>
        <td class="col-result">passed</td>
        <td class="col-name">tests/test_main.py::test_fiesta_wheel_diameter_gt_12[1-0-0]</td>
        <td class="col-duration">0.004</td>
        <td class="col-links"></td>
    </tr>
    <tr>
        <td class="extra" colspan="4">
            <div class="log">No log found.</div>
        </td>
    </tr>
</tbody>

<tbody class="passed results-table-row">
    <tr>
        <td class="col-result">passed</td>
        <td class="col-name">tests/test_main.py::test_fiesta_wheel_diameter_gt_12[1-0-1]</td>
        <td class="col-duration">0.006</td>
        <td class="col-links"></td>
    </tr>
    <tr>
        <td class="extra" colspan="4">
            <div class="log">No log found.</div>
        </td>
    </tr>
</tbody>

<tbody class="failed results-table-row">
    <tr>
        <td class="col-result">failed</td>
        <td class="col-name">tests/test_main.py::test_fiesta_wheel_diameter_gt_12[1-0-2]</td>
        <td class="col-duration">0.006</td>
        <td class="col-links"></td>
    </tr>
    <tr>
        <td class="extra" colspan="4">
            <div class="log">fiesta = <racetest.ford.Fiesta object at 0x0000022760DF74A8>, wheel_num = 2

    @pytest.mark.parametrize('wheel_num', [0,1,2,3])
    def test_fiesta_wheel_diameter_gt_12(fiesta, wheel_num):
        wheel = fiesta.wheels[wheel_num]
>       assert wheel.diameter >= 16
E       assert 15.511361060061795 >= 16
E        +  where 15.511361060061795 = <racetest.car.Wheel object at 0x0000022760DF7400>.diameter

tests\test_main.py:19: AssertionError</div>
        </td>
    </tr>
</tbody>

<tbody class="failed results-table-row">
    <tr>
        <td class="col-result">failed</td>
        <td class="col-name">tests/test_main.py::test_fiesta_wheel_diameter_gt_12[1-0-3]</td>
        <td class="col-duration">0.008</td>
        <td class="col-links"></td>
    </tr>
    <tr>
        <td class="extra" colspan="4">
            <div class="log">fiesta = <racetest.ford.Fiesta object at 0x0000022760E20668>, wheel_num = 3

    @pytest.mark.parametrize('wheel_num', [0,1,2,3])
    def test_fiesta_wheel_diameter_gt_12(fiesta, wheel_num):
        wheel = fiesta.wheels[wheel_num]
>       assert wheel.diameter >= 16
E       assert 15.924321395851152 >= 16
E        +  where 15.924321395851152 = <racetest.car.Wheel object at 0x0000022760E20EB8>.diameter

tests\test_main.py:19: AssertionError</div>
        </td>
    </tr>
</tbody>

</table>

<h2>Race 1</h2>
<p>20 tests ran. </p>
<p class="filter" hidden="true">(Un)check the boxes to filter the results.</p>
<h2>Results</h2>

<input 
    checked="true" 
    class="filter" 
    data-prefix-id="_default-" 
    data-test-result="passed" 
    hidden="true" 
    name="filter_checkbox" 
    onChange="filter_table(this)" 
    type="checkbox" 
/>
<span class="passed">12 passed</span>,
<input 
    checked="true" 
    class="filter" 
    data-prefix-id="_default-" 
    data-test-result="skipped" 
    hidden="true" 
    name="filter_checkbox" 
    onChange="filter_table(this)" 
    type="checkbox" 
/>
<span class="skipped">0 skipped</span>,
<input 
    checked="true" 
    class="filter" 
    data-prefix-id="_default-" 
    data-test-result="failed" 
    hidden="true" 
    name="filter_checkbox" 
    onChange="filter_table(this)" 
    type="checkbox" 
/>
<span class="failed">8 failed</span>,
<input 
    checked="true" 
    class="filter" 
    data-prefix-id="_default-" 
    data-test-result="error" 
    hidden="true" 
    name="filter_checkbox" 
    onChange="filter_table(this)" 
    type="checkbox" 
/>
<span class="error">0 error</span>,
<input 
    checked="true" 
    class="filter" 
    data-prefix-id="_default-" 
    data-test-result="xfailed" 
    hidden="true" 
    name="filter_checkbox" 
    onChange="filter_table(this)" 
    type="checkbox" 
/>
<span class="xfailed">0 xfailed</span>,
<input 
    checked="true" 
    class="filter" 
    data-prefix-id="_default-" 
    data-test-result="xpassed" 
    hidden="true" 
    name="filter_checkbox" 
    onChange="filter_table(this)" 
    type="checkbox" 
/>
<span class="xpassed">0 xpassed</span>

<table class="results-table" id="_default-results-table">
    <thead id="_default-results-table-head">
        <tr>
            <th class="sortable result initial-sort" col="result">Result</th>
            <th class="sortable" col="name">Test</th>
            <th class="sortable numeric" col="duration">Duration</th>
            <th>Links</th>
        </tr>
        <tr hidden="true" id="_default-not-found-message">
            <th colspan="4">No results found. Try to check the filters</th>
        </tr>
    </thead>
    
<tbody class="passed results-table-row">
    <tr>
        <td class="col-result">passed</td>
        <td class="col-name">tests/test_main.py::test_mustang_engine_cylinders[0-1]</td>
        <td class="col-duration">0.005</td>
        <td class="col-links"></td>
    </tr>
    <tr>
        <td class="extra" colspan="4">
            <div class="log">No log found.</div>
        </td>
    </tr>
</tbody>

<tbody class="passed results-table-row">
    <tr>
        <td class="col-result">passed</td>
        <td class="col-name">tests/test_main.py::test_mustang_engine_cylinders[1-1]</td>
        <td class="col-duration">0.007</td>
        <td class="col-links"></td>
    </tr>
    <tr>
        <td class="extra" colspan="4">
            <div class="log">No log found.</div>
        </td>
    </tr>
</tbody>

<tbody class="passed results-table-row">
    <tr>
        <td class="col-result">passed</td>
        <td class="col-name">tests/test_main.py::test_mustang_wheel_diameter_gt_14[0-1-0]</td>
        <td class="col-duration">0.006</td>
        <td class="col-links"></td>
    </tr>
    <tr>
        <td class="extra" colspan="4">
            <div class="log">No log found.</div>
        </td>
    </tr>
</tbody>

<tbody class="passed results-table-row">
    <tr>
        <td class="col-result">passed</td>
        <td class="col-name">tests/test_main.py::test_mustang_wheel_diameter_gt_14[0-1-1]</td>
        <td class="col-duration">0.007</td>
        <td class="col-links"></td>
    </tr>
    <tr>
        <td class="extra" colspan="4">
            <div class="log">No log found.</div>
        </td>
    </tr>
</tbody>

<tbody class="passed results-table-row">
    <tr>
        <td class="col-result">passed</td>
        <td class="col-name">tests/test_main.py::test_mustang_wheel_diameter_gt_14[0-1-2]</td>
        <td class="col-duration">0.007</td>
        <td class="col-links"></td>
    </tr>
    <tr>
        <td class="extra" colspan="4">
            <div class="log">No log found.</div>
        </td>
    </tr>
</tbody>

<tbody class="passed results-table-row">
    <tr>
        <td class="col-result">passed</td>
        <td class="col-name">tests/test_main.py::test_mustang_wheel_diameter_gt_14[0-1-3]</td>
        <td class="col-duration">0.006</td>
        <td class="col-links"></td>
    </tr>
    <tr>
        <td class="extra" colspan="4">
            <div class="log">No log found.</div>
        </td>
    </tr>
</tbody>

<tbody class="passed results-table-row">
    <tr>
        <td class="col-result">passed</td>
        <td class="col-name">tests/test_main.py::test_mustang_wheel_diameter_gt_14[1-1-0]</td>
        <td class="col-duration">0.006</td>
        <td class="col-links"></td>
    </tr>
    <tr>
        <td class="extra" colspan="4">
            <div class="log">No log found.</div>
        </td>
    </tr>
</tbody>

<tbody class="passed results-table-row">
    <tr>
        <td class="col-result">passed</td>
        <td class="col-name">tests/test_main.py::test_mustang_wheel_diameter_gt_14[1-1-1]</td>
        <td class="col-duration">0.006</td>
        <td class="col-links"></td>
    </tr>
    <tr>
        <td class="extra" colspan="4">
            <div class="log">No log found.</div>
        </td>
    </tr>
</tbody>

<tbody class="passed results-table-row">
    <tr>
        <td class="col-result">passed</td>
        <td class="col-name">tests/test_main.py::test_mustang_wheel_diameter_gt_14[1-1-2]</td>
        <td class="col-duration">0.007</td>
        <td class="col-links"></td>
    </tr>
    <tr>
        <td class="extra" colspan="4">
            <div class="log">No log found.</div>
        </td>
    </tr>
</tbody>

<tbody class="passed results-table-row">
    <tr>
        <td class="col-result">passed</td>
        <td class="col-name">tests/test_main.py::test_mustang_wheel_diameter_gt_14[1-1-3]</td>
        <td class="col-duration">0.006</td>
        <td class="col-links"></td>
    </tr>
    <tr>
        <td class="extra" colspan="4">
            <div class="log">No log found.</div>
        </td>
    </tr>
</tbody>

<tbody class="passed results-table-row">
    <tr>
        <td class="col-result">passed</td>
        <td class="col-name">tests/test_main.py::test_fiesta_engine_cylinders[0-1]</td>
        <td class="col-duration">0.007</td>
        <td class="col-links"></td>
    </tr>
    <tr>
        <td class="extra" colspan="4">
            <div class="log">No log found.</div>
        </td>
    </tr>
</tbody>

<tbody class="passed results-table-row">
    <tr>
        <td class="col-result">passed</td>
        <td class="col-name">tests/test_main.py::test_fiesta_engine_cylinders[1-1]</td>
        <td class="col-duration">0.004</td>
        <td class="col-links"></td>
    </tr>
    <tr>
        <td class="extra" colspan="4">
            <div class="log">No log found.</div>
        </td>
    </tr>
</tbody>

<tbody class="failed results-table-row">
    <tr>
        <td class="col-result">failed</td>
        <td class="col-name">tests/test_main.py::test_fiesta_wheel_diameter_gt_12[0-1-0]</td>
        <td class="col-duration">0.008</td>
        <td class="col-links"></td>
    </tr>
    <tr>
        <td class="extra" colspan="4">
            <div class="log">fiesta = <racetest.ford.Fiesta object at 0x0000022760D98518>, wheel_num = 0

    @pytest.mark.parametrize('wheel_num', [0,1,2,3])
    def test_fiesta_wheel_diameter_gt_12(fiesta, wheel_num):
        wheel = fiesta.wheels[wheel_num]
>       assert wheel.diameter >= 16
E       assert 15.694121793174963 >= 16
E        +  where 15.694121793174963 = <racetest.car.Wheel object at 0x0000022760D98470>.diameter

tests\test_main.py:19: AssertionError</div>
        </td>
    </tr>
</tbody>

<tbody class="failed results-table-row">
    <tr>
        <td class="col-result">failed</td>
        <td class="col-name">tests/test_main.py::test_fiesta_wheel_diameter_gt_12[0-1-1]</td>
        <td class="col-duration">0.006</td>
        <td class="col-links"></td>
    </tr>
    <tr>
        <td class="extra" colspan="4">
            <div class="log">fiesta = <racetest.ford.Fiesta object at 0x0000022760DAA5F8>, wheel_num = 1

    @pytest.mark.parametrize('wheel_num', [0,1,2,3])
    def test_fiesta_wheel_diameter_gt_12(fiesta, wheel_num):
        wheel = fiesta.wheels[wheel_num]
>       assert wheel.diameter >= 16
E       assert 15.463515688921914 >= 16
E        +  where 15.463515688921914 = <racetest.car.Wheel object at 0x0000022760DAA390>.diameter

tests\test_main.py:19: AssertionError</div>
        </td>
    </tr>
</tbody>

<tbody class="failed results-table-row">
    <tr>
        <td class="col-result">failed</td>
        <td class="col-name">tests/test_main.py::test_fiesta_wheel_diameter_gt_12[0-1-2]</td>
        <td class="col-duration">0.008</td>
        <td class="col-links"></td>
    </tr>
    <tr>
        <td class="extra" colspan="4">
            <div class="log">fiesta = <racetest.ford.Fiesta object at 0x0000022760D1D7B8>, wheel_num = 2

    @pytest.mark.parametrize('wheel_num', [0,1,2,3])
    def test_fiesta_wheel_diameter_gt_12(fiesta, wheel_num):
        wheel = fiesta.wheels[wheel_num]
>       assert wheel.diameter >= 16
E       assert 14.849230651559859 >= 16
E        +  where 14.849230651559859 = <racetest.car.Wheel object at 0x0000022760D1DC50>.diameter

tests\test_main.py:19: AssertionError</div>
        </td>
    </tr>
</tbody>

<tbody class="failed results-table-row">
    <tr>
        <td class="col-result">failed</td>
        <td class="col-name">tests/test_main.py::test_fiesta_wheel_diameter_gt_12[0-1-3]</td>
        <td class="col-duration">0.005</td>
        <td class="col-links"></td>
    </tr>
    <tr>
        <td class="extra" colspan="4">
            <div class="log">fiesta = <racetest.ford.Fiesta object at 0x0000022760DB6710>, wheel_num = 3

    @pytest.mark.parametrize('wheel_num', [0,1,2,3])
    def test_fiesta_wheel_diameter_gt_12(fiesta, wheel_num):
        wheel = fiesta.wheels[wheel_num]
>       assert wheel.diameter >= 16
E       assert 15.619396549552448 >= 16
E        +  where 15.619396549552448 = <racetest.car.Wheel object at 0x0000022760DB6588>.diameter

tests\test_main.py:19: AssertionError</div>
        </td>
    </tr>
</tbody>

<tbody class="failed results-table-row">
    <tr>
        <td class="col-result">failed</td>
        <td class="col-name">tests/test_main.py::test_fiesta_wheel_diameter_gt_12[1-1-0]</td>
        <td class="col-duration">0.007</td>
        <td class="col-links"></td>
    </tr>
    <tr>
        <td class="extra" colspan="4">
            <div class="log">fiesta = <racetest.ford.Fiesta object at 0x0000022760DE7860>, wheel_num = 0

    @pytest.mark.parametrize('wheel_num', [0,1,2,3])
    def test_fiesta_wheel_diameter_gt_12(fiesta, wheel_num):
        wheel = fiesta.wheels[wheel_num]
>       assert wheel.diameter >= 16
E       assert 15.694121793174963 >= 16
E        +  where 15.694121793174963 = <racetest.car.Wheel object at 0x0000022760DE7D68>.diameter

tests\test_main.py:19: AssertionError</div>
        </td>
    </tr>
</tbody>

<tbody class="failed results-table-row">
    <tr>
        <td class="col-result">failed</td>
        <td class="col-name">tests/test_main.py::test_fiesta_wheel_diameter_gt_12[1-1-1]</td>
        <td class="col-duration">0.008</td>
        <td class="col-links"></td>
    </tr>
    <tr>
        <td class="extra" colspan="4">
            <div class="log">fiesta = <racetest.ford.Fiesta object at 0x0000022760DF7F28>, wheel_num = 1

    @pytest.mark.parametrize('wheel_num', [0,1,2,3])
    def test_fiesta_wheel_diameter_gt_12(fiesta, wheel_num):
        wheel = fiesta.wheels[wheel_num]
>       assert wheel.diameter >= 16
E       assert 15.463515688921914 >= 16
E        +  where 15.463515688921914 = <racetest.car.Wheel object at 0x0000022760C5A588>.diameter

tests\test_main.py:19: AssertionError</div>
        </td>
    </tr>
</tbody>

<tbody class="failed results-table-row">
    <tr>
        <td class="col-result">failed</td>
        <td class="col-name">tests/test_main.py::test_fiesta_wheel_diameter_gt_12[1-1-2]</td>
        <td class="col-duration">0.007</td>
        <td class="col-links"></td>
    </tr>
    <tr>
        <td class="extra" colspan="4">
            <div class="log">fiesta = <racetest.ford.Fiesta object at 0x0000022760DE1630>, wheel_num = 2

    @pytest.mark.parametrize('wheel_num', [0,1,2,3])
    def test_fiesta_wheel_diameter_gt_12(fiesta, wheel_num):
        wheel = fiesta.wheels[wheel_num]
>       assert wheel.diameter >= 16
E       assert 14.849230651559859 >= 16
E        +  where 14.849230651559859 = <racetest.car.Wheel object at 0x0000022760DE1F60>.diameter

tests\test_main.py:19: AssertionError</div>
        </td>
    </tr>
</tbody>

<tbody class="failed results-table-row">
    <tr>
        <td class="col-result">failed</td>
        <td class="col-name">tests/test_main.py::test_fiesta_wheel_diameter_gt_12[1-1-3]</td>
        <td class="col-duration">0.008</td>
        <td class="col-links"></td>
    </tr>
    <tr>
        <td class="extra" colspan="4">
            <div class="log">fiesta = <racetest.ford.Fiesta object at 0x0000022760DE7EF0>, wheel_num = 3

    @pytest.mark.parametrize('wheel_num', [0,1,2,3])
    def test_fiesta_wheel_diameter_gt_12(fiesta, wheel_num):
        wheel = fiesta.wheels[wheel_num]
>       assert wheel.diameter >= 16
E       assert 15.619396549552448 >= 16
E        +  where 15.619396549552448 = <racetest.car.Wheel object at 0x0000022760DE7400>.diameter

tests\test_main.py:19: AssertionError</div>
        </td>
    </tr>
</tbody>

</table>

<h2>Race 2</h2>
<p>20 tests ran. </p>
<p class="filter" hidden="true">(Un)check the boxes to filter the results.</p>
<h2>Results</h2>

<input 
    checked="true" 
    class="filter" 
    data-prefix-id="_default-" 
    data-test-result="passed" 
    hidden="true" 
    name="filter_checkbox" 
    onChange="filter_table(this)" 
    type="checkbox" 
/>
<span class="passed">14 passed</span>,
<input 
    checked="true" 
    class="filter" 
    data-prefix-id="_default-" 
    data-test-result="skipped" 
    hidden="true" 
    name="filter_checkbox" 
    onChange="filter_table(this)" 
    type="checkbox" 
/>
<span class="skipped">0 skipped</span>,
<input 
    checked="true" 
    class="filter" 
    data-prefix-id="_default-" 
    data-test-result="failed" 
    hidden="true" 
    name="filter_checkbox" 
    onChange="filter_table(this)" 
    type="checkbox" 
/>
<span class="failed">6 failed</span>,
<input 
    checked="true" 
    class="filter" 
    data-prefix-id="_default-" 
    data-test-result="error" 
    hidden="true" 
    name="filter_checkbox" 
    onChange="filter_table(this)" 
    type="checkbox" 
/>
<span class="error">0 error</span>,
<input 
    checked="true" 
    class="filter" 
    data-prefix-id="_default-" 
    data-test-result="xfailed" 
    hidden="true" 
    name="filter_checkbox" 
    onChange="filter_table(this)" 
    type="checkbox" 
/>
<span class="xfailed">0 xfailed</span>,
<input 
    checked="true" 
    class="filter" 
    data-prefix-id="_default-" 
    data-test-result="xpassed" 
    hidden="true" 
    name="filter_checkbox" 
    onChange="filter_table(this)" 
    type="checkbox" 
/>
<span class="xpassed">0 xpassed</span>

<table class="results-table" id="_default-results-table">
    <thead id="_default-results-table-head">
        <tr>
            <th class="sortable result initial-sort" col="result">Result</th>
            <th class="sortable" col="name">Test</th>
            <th class="sortable numeric" col="duration">Duration</th>
            <th>Links</th>
        </tr>
        <tr hidden="true" id="_default-not-found-message">
            <th colspan="4">No results found. Try to check the filters</th>
        </tr>
    </thead>
    
<tbody class="passed results-table-row">
    <tr>
        <td class="col-result">passed</td>
        <td class="col-name">tests/test_main.py::test_mustang_engine_cylinders[0-2]</td>
        <td class="col-duration">0.006</td>
        <td class="col-links"></td>
    </tr>
    <tr>
        <td class="extra" colspan="4">
            <div class="log">No log found.</div>
        </td>
    </tr>
</tbody>

<tbody class="passed results-table-row">
    <tr>
        <td class="col-result">passed</td>
        <td class="col-name">tests/test_main.py::test_mustang_engine_cylinders[1-2]</td>
        <td class="col-duration">0.005</td>
        <td class="col-links"></td>
    </tr>
    <tr>
        <td class="extra" colspan="4">
            <div class="log">No log found.</div>
        </td>
    </tr>
</tbody>

<tbody class="passed results-table-row">
    <tr>
        <td class="col-result">passed</td>
        <td class="col-name">tests/test_main.py::test_mustang_wheel_diameter_gt_14[0-2-0]</td>
        <td class="col-duration">0.005</td>
        <td class="col-links"></td>
    </tr>
    <tr>
        <td class="extra" colspan="4">
            <div class="log">No log found.</div>
        </td>
    </tr>
</tbody>

<tbody class="passed results-table-row">
    <tr>
        <td class="col-result">passed</td>
        <td class="col-name">tests/test_main.py::test_mustang_wheel_diameter_gt_14[0-2-1]</td>
        <td class="col-duration">0.007</td>
        <td class="col-links"></td>
    </tr>
    <tr>
        <td class="extra" colspan="4">
            <div class="log">No log found.</div>
        </td>
    </tr>
</tbody>

<tbody class="passed results-table-row">
    <tr>
        <td class="col-result">passed</td>
        <td class="col-name">tests/test_main.py::test_mustang_wheel_diameter_gt_14[0-2-2]</td>
        <td class="col-duration">0.006</td>
        <td class="col-links"></td>
    </tr>
    <tr>
        <td class="extra" colspan="4">
            <div class="log">No log found.</div>
        </td>
    </tr>
</tbody>

<tbody class="passed results-table-row">
    <tr>
        <td class="col-result">passed</td>
        <td class="col-name">tests/test_main.py::test_mustang_wheel_diameter_gt_14[0-2-3]</td>
        <td class="col-duration">0.006</td>
        <td class="col-links"></td>
    </tr>
    <tr>
        <td class="extra" colspan="4">
            <div class="log">No log found.</div>
        </td>
    </tr>
</tbody>

<tbody class="passed results-table-row">
    <tr>
        <td class="col-result">passed</td>
        <td class="col-name">tests/test_main.py::test_mustang_wheel_diameter_gt_14[1-2-0]</td>
        <td class="col-duration">0.006</td>
        <td class="col-links"></td>
    </tr>
    <tr>
        <td class="extra" colspan="4">
            <div class="log">No log found.</div>
        </td>
    </tr>
</tbody>

<tbody class="passed results-table-row">
    <tr>
        <td class="col-result">passed</td>
        <td class="col-name">tests/test_main.py::test_mustang_wheel_diameter_gt_14[1-2-1]</td>
        <td class="col-duration">0.007</td>
        <td class="col-links"></td>
    </tr>
    <tr>
        <td class="extra" colspan="4">
            <div class="log">No log found.</div>
        </td>
    </tr>
</tbody>

<tbody class="passed results-table-row">
    <tr>
        <td class="col-result">passed</td>
        <td class="col-name">tests/test_main.py::test_mustang_wheel_diameter_gt_14[1-2-2]</td>
        <td class="col-duration">0.006</td>
        <td class="col-links"></td>
    </tr>
    <tr>
        <td class="extra" colspan="4">
            <div class="log">No log found.</div>
        </td>
    </tr>
</tbody>

<tbody class="passed results-table-row">
    <tr>
        <td class="col-result">passed</td>
        <td class="col-name">tests/test_main.py::test_mustang_wheel_diameter_gt_14[1-2-3]</td>
        <td class="col-duration">0.006</td>
        <td class="col-links"></td>
    </tr>
    <tr>
        <td class="extra" colspan="4">
            <div class="log">No log found.</div>
        </td>
    </tr>
</tbody>

<tbody class="passed results-table-row">
    <tr>
        <td class="col-result">passed</td>
        <td class="col-name">tests/test_main.py::test_fiesta_engine_cylinders[0-2]</td>
        <td class="col-duration">0.005</td>
        <td class="col-links"></td>
    </tr>
    <tr>
        <td class="extra" colspan="4">
            <div class="log">No log found.</div>
        </td>
    </tr>
</tbody>

<tbody class="passed results-table-row">
    <tr>
        <td class="col-result">passed</td>
        <td class="col-name">tests/test_main.py::test_fiesta_engine_cylinders[1-2]</td>
        <td class="col-duration">0.006</td>
        <td class="col-links"></td>
    </tr>
    <tr>
        <td class="extra" colspan="4">
            <div class="log">No log found.</div>
        </td>
    </tr>
</tbody>

<tbody class="failed results-table-row">
    <tr>
        <td class="col-result">failed</td>
        <td class="col-name">tests/test_main.py::test_fiesta_wheel_diameter_gt_12[0-2-0]</td>
        <td class="col-duration">0.007</td>
        <td class="col-links"></td>
    </tr>
    <tr>
        <td class="extra" colspan="4">
            <div class="log">fiesta = <racetest.ford.Fiesta object at 0x0000022760DAA7F0>, wheel_num = 0

    @pytest.mark.parametrize('wheel_num', [0,1,2,3])
    def test_fiesta_wheel_diameter_gt_12(fiesta, wheel_num):
        wheel = fiesta.wheels[wheel_num]
>       assert wheel.diameter >= 16
E       assert 15.971866586386835 >= 16
E        +  where 15.971866586386835 = <racetest.car.Wheel object at 0x0000022760DAA470>.diameter

tests\test_main.py:19: AssertionError</div>
        </td>
    </tr>
</tbody>

<tbody class="passed results-table-row">
    <tr>
        <td class="col-result">passed</td>
        <td class="col-name">tests/test_main.py::test_fiesta_wheel_diameter_gt_12[0-2-1]</td>
        <td class="col-duration">0.005</td>
        <td class="col-links"></td>
    </tr>
    <tr>
        <td class="extra" colspan="4">
            <div class="log">No log found.</div>
        </td>
    </tr>
</tbody>

<tbody class="failed results-table-row">
    <tr>
        <td class="col-result">failed</td>
        <td class="col-name">tests/test_main.py::test_fiesta_wheel_diameter_gt_12[0-2-2]</td>
        <td class="col-duration">0.007</td>
        <td class="col-links"></td>
    </tr>
    <tr>
        <td class="extra" colspan="4">
            <div class="log">fiesta = <racetest.ford.Fiesta object at 0x0000022760DBBCC0>, wheel_num = 2

    @pytest.mark.parametrize('wheel_num', [0,1,2,3])
    def test_fiesta_wheel_diameter_gt_12(fiesta, wheel_num):
        wheel = fiesta.wheels[wheel_num]
>       assert wheel.diameter >= 16
E       assert 15.579126317171898 >= 16
E        +  where 15.579126317171898 = <racetest.car.Wheel object at 0x0000022760DBBDA0>.diameter

tests\test_main.py:19: AssertionError</div>
        </td>
    </tr>
</tbody>

<tbody class="failed results-table-row">
    <tr>
        <td class="col-result">failed</td>
        <td class="col-name">tests/test_main.py::test_fiesta_wheel_diameter_gt_12[0-2-3]</td>
        <td class="col-duration">0.006</td>
        <td class="col-links"></td>
    </tr>
    <tr>
        <td class="extra" colspan="4">
            <div class="log">fiesta = <racetest.ford.Fiesta object at 0x0000022760DB6F28>, wheel_num = 3

    @pytest.mark.parametrize('wheel_num', [0,1,2,3])
    def test_fiesta_wheel_diameter_gt_12(fiesta, wheel_num):
        wheel = fiesta.wheels[wheel_num]
>       assert wheel.diameter >= 16
E       assert 15.377355956696384 >= 16
E        +  where 15.377355956696384 = <racetest.car.Wheel object at 0x0000022760DB6A58>.diameter

tests\test_main.py:19: AssertionError</div>
        </td>
    </tr>
</tbody>

<tbody class="failed results-table-row">
    <tr>
        <td class="col-result">failed</td>
        <td class="col-name">tests/test_main.py::test_fiesta_wheel_diameter_gt_12[1-2-0]</td>
        <td class="col-duration">0.007</td>
        <td class="col-links"></td>
    </tr>
    <tr>
        <td class="extra" colspan="4">
            <div class="log">fiesta = <racetest.ford.Fiesta object at 0x0000022760DCC240>, wheel_num = 0

    @pytest.mark.parametrize('wheel_num', [0,1,2,3])
    def test_fiesta_wheel_diameter_gt_12(fiesta, wheel_num):
        wheel = fiesta.wheels[wheel_num]
>       assert wheel.diameter >= 16
E       assert 15.971866586386835 >= 16
E        +  where 15.971866586386835 = <racetest.car.Wheel object at 0x0000022760DCC588>.diameter

tests\test_main.py:19: AssertionError</div>
        </td>
    </tr>
</tbody>

<tbody class="passed results-table-row">
    <tr>
        <td class="col-result">passed</td>
        <td class="col-name">tests/test_main.py::test_fiesta_wheel_diameter_gt_12[1-2-1]</td>
        <td class="col-duration">0.006</td>
        <td class="col-links"></td>
    </tr>
    <tr>
        <td class="extra" colspan="4">
            <div class="log">No log found.</div>
        </td>
    </tr>
</tbody>

<tbody class="failed results-table-row">
    <tr>
        <td class="col-result">failed</td>
        <td class="col-name">tests/test_main.py::test_fiesta_wheel_diameter_gt_12[1-2-2]</td>
        <td class="col-duration">0.006</td>
        <td class="col-links"></td>
    </tr>
    <tr>
        <td class="extra" colspan="4">
            <div class="log">fiesta = <racetest.ford.Fiesta object at 0x0000022760DCD2E8>, wheel_num = 2

    @pytest.mark.parametrize('wheel_num', [0,1,2,3])
    def test_fiesta_wheel_diameter_gt_12(fiesta, wheel_num):
        wheel = fiesta.wheels[wheel_num]
>       assert wheel.diameter >= 16
E       assert 15.579126317171898 >= 16
E        +  where 15.579126317171898 = <racetest.car.Wheel object at 0x0000022760DCD518>.diameter

tests\test_main.py:19: AssertionError</div>
        </td>
    </tr>
</tbody>

<tbody class="failed results-table-row">
    <tr>
        <td class="col-result">failed</td>
        <td class="col-name">tests/test_main.py::test_fiesta_wheel_diameter_gt_12[1-2-3]</td>
        <td class="col-duration">0.006</td>
        <td class="col-links"></td>
    </tr>
    <tr>
        <td class="extra" colspan="4">
            <div class="log">fiesta = <racetest.ford.Fiesta object at 0x0000022760DB65F8>, wheel_num = 3

    @pytest.mark.parametrize('wheel_num', [0,1,2,3])
    def test_fiesta_wheel_diameter_gt_12(fiesta, wheel_num):
        wheel = fiesta.wheels[wheel_num]
>       assert wheel.diameter >= 16
E       assert 15.377355956696384 >= 16
E        +  where 15.377355956696384 = <racetest.car.Wheel object at 0x0000022760DB6C50>.diameter

tests\test_main.py:19: AssertionError</div>
        </td>
    </tr>
</tbody>

</table>

<h2>Race 3</h2>
<p>20 tests ran. </p>
<p class="filter" hidden="true">(Un)check the boxes to filter the results.</p>
<h2>Results</h2>

<input 
    checked="true" 
    class="filter" 
    data-prefix-id="_default-" 
    data-test-result="passed" 
    hidden="true" 
    name="filter_checkbox" 
    onChange="filter_table(this)" 
    type="checkbox" 
/>
<span class="passed">14 passed</span>,
<input 
    checked="true" 
    class="filter" 
    data-prefix-id="_default-" 
    data-test-result="skipped" 
    hidden="true" 
    name="filter_checkbox" 
    onChange="filter_table(this)" 
    type="checkbox" 
/>
<span class="skipped">0 skipped</span>,
<input 
    checked="true" 
    class="filter" 
    data-prefix-id="_default-" 
    data-test-result="failed" 
    hidden="true" 
    name="filter_checkbox" 
    onChange="filter_table(this)" 
    type="checkbox" 
/>
<span class="failed">6 failed</span>,
<input 
    checked="true" 
    class="filter" 
    data-prefix-id="_default-" 
    data-test-result="error" 
    hidden="true" 
    name="filter_checkbox" 
    onChange="filter_table(this)" 
    type="checkbox" 
/>
<span class="error">0 error</span>,
<input 
    checked="true" 
    class="filter" 
    data-prefix-id="_default-" 
    data-test-result="xfailed" 
    hidden="true" 
    name="filter_checkbox" 
    onChange="filter_table(this)" 
    type="checkbox" 
/>
<span class="xfailed">0 xfailed</span>,
<input 
    checked="true" 
    class="filter" 
    data-prefix-id="_default-" 
    data-test-result="xpassed" 
    hidden="true" 
    name="filter_checkbox" 
    onChange="filter_table(this)" 
    type="checkbox" 
/>
<span class="xpassed">0 xpassed</span>

<table class="results-table" id="_default-results-table">
    <thead id="_default-results-table-head">
        <tr>
            <th class="sortable result initial-sort" col="result">Result</th>
            <th class="sortable" col="name">Test</th>
            <th class="sortable numeric" col="duration">Duration</th>
            <th>Links</th>
        </tr>
        <tr hidden="true" id="_default-not-found-message">
            <th colspan="4">No results found. Try to check the filters</th>
        </tr>
    </thead>
    
<tbody class="passed results-table-row">
    <tr>
        <td class="col-result">passed</td>
        <td class="col-name">tests/test_main.py::test_mustang_engine_cylinders[0-3]</td>
        <td class="col-duration">0.006</td>
        <td class="col-links"></td>
    </tr>
    <tr>
        <td class="extra" colspan="4">
            <div class="log">No log found.</div>
        </td>
    </tr>
</tbody>

<tbody class="passed results-table-row">
    <tr>
        <td class="col-result">passed</td>
        <td class="col-name">tests/test_main.py::test_mustang_engine_cylinders[1-3]</td>
        <td class="col-duration">0.007</td>
        <td class="col-links"></td>
    </tr>
    <tr>
        <td class="extra" colspan="4">
            <div class="log">No log found.</div>
        </td>
    </tr>
</tbody>

<tbody class="passed results-table-row">
    <tr>
        <td class="col-result">passed</td>
        <td class="col-name">tests/test_main.py::test_mustang_wheel_diameter_gt_14[0-3-0]</td>
        <td class="col-duration">0.006</td>
        <td class="col-links"></td>
    </tr>
    <tr>
        <td class="extra" colspan="4">
            <div class="log">No log found.</div>
        </td>
    </tr>
</tbody>

<tbody class="passed results-table-row">
    <tr>
        <td class="col-result">passed</td>
        <td class="col-name">tests/test_main.py::test_mustang_wheel_diameter_gt_14[0-3-1]</td>
        <td class="col-duration">0.005</td>
        <td class="col-links"></td>
    </tr>
    <tr>
        <td class="extra" colspan="4">
            <div class="log">No log found.</div>
        </td>
    </tr>
</tbody>

<tbody class="passed results-table-row">
    <tr>
        <td class="col-result">passed</td>
        <td class="col-name">tests/test_main.py::test_mustang_wheel_diameter_gt_14[0-3-2]</td>
        <td class="col-duration">0.007</td>
        <td class="col-links"></td>
    </tr>
    <tr>
        <td class="extra" colspan="4">
            <div class="log">No log found.</div>
        </td>
    </tr>
</tbody>

<tbody class="passed results-table-row">
    <tr>
        <td class="col-result">passed</td>
        <td class="col-name">tests/test_main.py::test_mustang_wheel_diameter_gt_14[0-3-3]</td>
        <td class="col-duration">0.006</td>
        <td class="col-links"></td>
    </tr>
    <tr>
        <td class="extra" colspan="4">
            <div class="log">No log found.</div>
        </td>
    </tr>
</tbody>

<tbody class="passed results-table-row">
    <tr>
        <td class="col-result">passed</td>
        <td class="col-name">tests/test_main.py::test_mustang_wheel_diameter_gt_14[1-3-0]</td>
        <td class="col-duration">0.006</td>
        <td class="col-links"></td>
    </tr>
    <tr>
        <td class="extra" colspan="4">
            <div class="log">No log found.</div>
        </td>
    </tr>
</tbody>

<tbody class="passed results-table-row">
    <tr>
        <td class="col-result">passed</td>
        <td class="col-name">tests/test_main.py::test_mustang_wheel_diameter_gt_14[1-3-1]</td>
        <td class="col-duration">0.006</td>
        <td class="col-links"></td>
    </tr>
    <tr>
        <td class="extra" colspan="4">
            <div class="log">No log found.</div>
        </td>
    </tr>
</tbody>

<tbody class="passed results-table-row">
    <tr>
        <td class="col-result">passed</td>
        <td class="col-name">tests/test_main.py::test_mustang_wheel_diameter_gt_14[1-3-2]</td>
        <td class="col-duration">0.006</td>
        <td class="col-links"></td>
    </tr>
    <tr>
        <td class="extra" colspan="4">
            <div class="log">No log found.</div>
        </td>
    </tr>
</tbody>

<tbody class="passed results-table-row">
    <tr>
        <td class="col-result">passed</td>
        <td class="col-name">tests/test_main.py::test_mustang_wheel_diameter_gt_14[1-3-3]</td>
        <td class="col-duration">0.007</td>
        <td class="col-links"></td>
    </tr>
    <tr>
        <td class="extra" colspan="4">
            <div class="log">No log found.</div>
        </td>
    </tr>
</tbody>

<tbody class="passed results-table-row">
    <tr>
        <td class="col-result">passed</td>
        <td class="col-name">tests/test_main.py::test_fiesta_engine_cylinders[0-3]</td>
        <td class="col-duration">0.006</td>
        <td class="col-links"></td>
    </tr>
    <tr>
        <td class="extra" colspan="4">
            <div class="log">No log found.</div>
        </td>
    </tr>
</tbody>

<tbody class="passed results-table-row">
    <tr>
        <td class="col-result">passed</td>
        <td class="col-name">tests/test_main.py::test_fiesta_engine_cylinders[1-3]</td>
        <td class="col-duration">0.006</td>
        <td class="col-links"></td>
    </tr>
    <tr>
        <td class="extra" colspan="4">
            <div class="log">No log found.</div>
        </td>
    </tr>
</tbody>

<tbody class="passed results-table-row">
    <tr>
        <td class="col-result">passed</td>
        <td class="col-name">tests/test_main.py::test_fiesta_wheel_diameter_gt_12[0-3-0]</td>
        <td class="col-duration">0.006</td>
        <td class="col-links"></td>
    </tr>
    <tr>
        <td class="extra" colspan="4">
            <div class="log">No log found.</div>
        </td>
    </tr>
</tbody>

<tbody class="failed results-table-row">
    <tr>
        <td class="col-result">failed</td>
        <td class="col-name">tests/test_main.py::test_fiesta_wheel_diameter_gt_12[0-3-1]</td>
        <td class="col-duration">0.009</td>
        <td class="col-links"></td>
    </tr>
    <tr>
        <td class="extra" colspan="4">
            <div class="log">fiesta = <racetest.ford.Fiesta object at 0x0000022760DCCCF8>, wheel_num = 1

    @pytest.mark.parametrize('wheel_num', [0,1,2,3])
    def test_fiesta_wheel_diameter_gt_12(fiesta, wheel_num):
        wheel = fiesta.wheels[wheel_num]
>       assert wheel.diameter >= 16
E       assert 15.068253648317755 >= 16
E        +  where 15.068253648317755 = <racetest.car.Wheel object at 0x0000022760DCCA90>.diameter

tests\test_main.py:19: AssertionError</div>
        </td>
    </tr>
</tbody>

<tbody class="failed results-table-row">
    <tr>
        <td class="col-result">failed</td>
        <td class="col-name">tests/test_main.py::test_fiesta_wheel_diameter_gt_12[0-3-2]</td>
        <td class="col-duration">0.007</td>
        <td class="col-links"></td>
    </tr>
    <tr>
        <td class="extra" colspan="4">
            <div class="log">fiesta = <racetest.ford.Fiesta object at 0x0000022760DB6C88>, wheel_num = 2

    @pytest.mark.parametrize('wheel_num', [0,1,2,3])
    def test_fiesta_wheel_diameter_gt_12(fiesta, wheel_num):
        wheel = fiesta.wheels[wheel_num]
>       assert wheel.diameter >= 16
E       assert 15.822620510365507 >= 16
E        +  where 15.822620510365507 = <racetest.car.Wheel object at 0x0000022760DCD0B8>.diameter

tests\test_main.py:19: AssertionError</div>
        </td>
    </tr>
</tbody>

<tbody class="failed results-table-row">
    <tr>
        <td class="col-result">failed</td>
        <td class="col-name">tests/test_main.py::test_fiesta_wheel_diameter_gt_12[0-3-3]</td>
        <td class="col-duration">0.007</td>
        <td class="col-links"></td>
    </tr>
    <tr>
        <td class="extra" colspan="4">
            <div class="log">fiesta = <racetest.ford.Fiesta object at 0x0000022760DBB940>, wheel_num = 3

    @pytest.mark.parametrize('wheel_num', [0,1,2,3])
    def test_fiesta_wheel_diameter_gt_12(fiesta, wheel_num):
        wheel = fiesta.wheels[wheel_num]
>       assert wheel.diameter >= 16
E       assert 15.686499661588076 >= 16
E        +  where 15.686499661588076 = <racetest.car.Wheel object at 0x0000022760DBB780>.diameter

tests\test_main.py:19: AssertionError</div>
        </td>
    </tr>
</tbody>

<tbody class="passed results-table-row">
    <tr>
        <td class="col-result">passed</td>
        <td class="col-name">tests/test_main.py::test_fiesta_wheel_diameter_gt_12[1-3-0]</td>
        <td class="col-duration">0.007</td>
        <td class="col-links"></td>
    </tr>
    <tr>
        <td class="extra" colspan="4">
            <div class="log">No log found.</div>
        </td>
    </tr>
</tbody>

<tbody class="failed results-table-row">
    <tr>
        <td class="col-result">failed</td>
        <td class="col-name">tests/test_main.py::test_fiesta_wheel_diameter_gt_12[1-3-1]</td>
        <td class="col-duration">0.006</td>
        <td class="col-links"></td>
    </tr>
    <tr>
        <td class="extra" colspan="4">
            <div class="log">fiesta = <racetest.ford.Fiesta object at 0x0000022760DCCB38>, wheel_num = 1

    @pytest.mark.parametrize('wheel_num', [0,1,2,3])
    def test_fiesta_wheel_diameter_gt_12(fiesta, wheel_num):
        wheel = fiesta.wheels[wheel_num]
>       assert wheel.diameter >= 16
E       assert 15.068253648317755 >= 16
E        +  where 15.068253648317755 = <racetest.car.Wheel object at 0x0000022760DBBBA8>.diameter

tests\test_main.py:19: AssertionError</div>
        </td>
    </tr>
</tbody>

<tbody class="failed results-table-row">
    <tr>
        <td class="col-result">failed</td>
        <td class="col-name">tests/test_main.py::test_fiesta_wheel_diameter_gt_12[1-3-2]</td>
        <td class="col-duration">0.006</td>
        <td class="col-links"></td>
    </tr>
    <tr>
        <td class="extra" colspan="4">
            <div class="log">fiesta = <racetest.ford.Fiesta object at 0x0000022760D1D7B8>, wheel_num = 2

    @pytest.mark.parametrize('wheel_num', [0,1,2,3])
    def test_fiesta_wheel_diameter_gt_12(fiesta, wheel_num):
        wheel = fiesta.wheels[wheel_num]
>       assert wheel.diameter >= 16
E       assert 15.822620510365507 >= 16
E        +  where 15.822620510365507 = <racetest.car.Wheel object at 0x0000022760D1D4E0>.diameter

tests\test_main.py:19: AssertionError</div>
        </td>
    </tr>
</tbody>

<tbody class="failed results-table-row">
    <tr>
        <td class="col-result">failed</td>
        <td class="col-name">tests/test_main.py::test_fiesta_wheel_diameter_gt_12[1-3-3]</td>
        <td class="col-duration">0.007</td>
        <td class="col-links"></td>
    </tr>
    <tr>
        <td class="extra" colspan="4">
            <div class="log">fiesta = <racetest.ford.Fiesta object at 0x0000022760DB6550>, wheel_num = 3

    @pytest.mark.parametrize('wheel_num', [0,1,2,3])
    def test_fiesta_wheel_diameter_gt_12(fiesta, wheel_num):
        wheel = fiesta.wheels[wheel_num]
>       assert wheel.diameter >= 16
E       assert 15.686499661588076 >= 16
E        +  where 15.686499661588076 = <racetest.car.Wheel object at 0x0000022760DB6BA8>.diameter

tests\test_main.py:19: AssertionError</div>
        </td>
    </tr>
</tbody>

</table>

<h2>Race 4</h2>
<p>20 tests ran. </p>
<p class="filter" hidden="true">(Un)check the boxes to filter the results.</p>
<h2>Results</h2>

<input 
    checked="true" 
    class="filter" 
    data-prefix-id="_default-" 
    data-test-result="passed" 
    hidden="true" 
    name="filter_checkbox" 
    onChange="filter_table(this)" 
    type="checkbox" 
/>
<span class="passed">18 passed</span>,
<input 
    checked="true" 
    class="filter" 
    data-prefix-id="_default-" 
    data-test-result="skipped" 
    hidden="true" 
    name="filter_checkbox" 
    onChange="filter_table(this)" 
    type="checkbox" 
/>
<span class="skipped">0 skipped</span>,
<input 
    checked="true" 
    class="filter" 
    data-prefix-id="_default-" 
    data-test-result="failed" 
    hidden="true" 
    name="filter_checkbox" 
    onChange="filter_table(this)" 
    type="checkbox" 
/>
<span class="failed">2 failed</span>,
<input 
    checked="true" 
    class="filter" 
    data-prefix-id="_default-" 
    data-test-result="error" 
    hidden="true" 
    name="filter_checkbox" 
    onChange="filter_table(this)" 
    type="checkbox" 
/>
<span class="error">0 error</span>,
<input 
    checked="true" 
    class="filter" 
    data-prefix-id="_default-" 
    data-test-result="xfailed" 
    hidden="true" 
    name="filter_checkbox" 
    onChange="filter_table(this)" 
    type="checkbox" 
/>
<span class="xfailed">0 xfailed</span>,
<input 
    checked="true" 
    class="filter" 
    data-prefix-id="_default-" 
    data-test-result="xpassed" 
    hidden="true" 
    name="filter_checkbox" 
    onChange="filter_table(this)" 
    type="checkbox" 
/>
<span class="xpassed">0 xpassed</span>

<table class="results-table" id="_default-results-table">
    <thead id="_default-results-table-head">
        <tr>
            <th class="sortable result initial-sort" col="result">Result</th>
            <th class="sortable" col="name">Test</th>
            <th class="sortable numeric" col="duration">Duration</th>
            <th>Links</th>
        </tr>
        <tr hidden="true" id="_default-not-found-message">
            <th colspan="4">No results found. Try to check the filters</th>
        </tr>
    </thead>
    
<tbody class="passed results-table-row">
    <tr>
        <td class="col-result">passed</td>
        <td class="col-name">tests/test_main.py::test_mustang_engine_cylinders[0-4]</td>
        <td class="col-duration">0.005</td>
        <td class="col-links"></td>
    </tr>
    <tr>
        <td class="extra" colspan="4">
            <div class="log">No log found.</div>
        </td>
    </tr>
</tbody>

<tbody class="passed results-table-row">
    <tr>
        <td class="col-result">passed</td>
        <td class="col-name">tests/test_main.py::test_mustang_engine_cylinders[1-4]</td>
        <td class="col-duration">0.007</td>
        <td class="col-links"></td>
    </tr>
    <tr>
        <td class="extra" colspan="4">
            <div class="log">No log found.</div>
        </td>
    </tr>
</tbody>

<tbody class="passed results-table-row">
    <tr>
        <td class="col-result">passed</td>
        <td class="col-name">tests/test_main.py::test_mustang_wheel_diameter_gt_14[0-4-0]</td>
        <td class="col-duration">0.006</td>
        <td class="col-links"></td>
    </tr>
    <tr>
        <td class="extra" colspan="4">
            <div class="log">No log found.</div>
        </td>
    </tr>
</tbody>

<tbody class="passed results-table-row">
    <tr>
        <td class="col-result">passed</td>
        <td class="col-name">tests/test_main.py::test_mustang_wheel_diameter_gt_14[0-4-1]</td>
        <td class="col-duration">0.007</td>
        <td class="col-links"></td>
    </tr>
    <tr>
        <td class="extra" colspan="4">
            <div class="log">No log found.</div>
        </td>
    </tr>
</tbody>

<tbody class="passed results-table-row">
    <tr>
        <td class="col-result">passed</td>
        <td class="col-name">tests/test_main.py::test_mustang_wheel_diameter_gt_14[0-4-2]</td>
        <td class="col-duration">0.006</td>
        <td class="col-links"></td>
    </tr>
    <tr>
        <td class="extra" colspan="4">
            <div class="log">No log found.</div>
        </td>
    </tr>
</tbody>

<tbody class="passed results-table-row">
    <tr>
        <td class="col-result">passed</td>
        <td class="col-name">tests/test_main.py::test_mustang_wheel_diameter_gt_14[0-4-3]</td>
        <td class="col-duration">0.007</td>
        <td class="col-links"></td>
    </tr>
    <tr>
        <td class="extra" colspan="4">
            <div class="log">No log found.</div>
        </td>
    </tr>
</tbody>

<tbody class="passed results-table-row">
    <tr>
        <td class="col-result">passed</td>
        <td class="col-name">tests/test_main.py::test_mustang_wheel_diameter_gt_14[1-4-0]</td>
        <td class="col-duration">0.006</td>
        <td class="col-links"></td>
    </tr>
    <tr>
        <td class="extra" colspan="4">
            <div class="log">No log found.</div>
        </td>
    </tr>
</tbody>

<tbody class="passed results-table-row">
    <tr>
        <td class="col-result">passed</td>
        <td class="col-name">tests/test_main.py::test_mustang_wheel_diameter_gt_14[1-4-1]</td>
        <td class="col-duration">0.006</td>
        <td class="col-links"></td>
    </tr>
    <tr>
        <td class="extra" colspan="4">
            <div class="log">No log found.</div>
        </td>
    </tr>
</tbody>

<tbody class="passed results-table-row">
    <tr>
        <td class="col-result">passed</td>
        <td class="col-name">tests/test_main.py::test_mustang_wheel_diameter_gt_14[1-4-2]</td>
        <td class="col-duration">0.005</td>
        <td class="col-links"></td>
    </tr>
    <tr>
        <td class="extra" colspan="4">
            <div class="log">No log found.</div>
        </td>
    </tr>
</tbody>

<tbody class="passed results-table-row">
    <tr>
        <td class="col-result">passed</td>
        <td class="col-name">tests/test_main.py::test_mustang_wheel_diameter_gt_14[1-4-3]</td>
        <td class="col-duration">0.006</td>
        <td class="col-links"></td>
    </tr>
    <tr>
        <td class="extra" colspan="4">
            <div class="log">No log found.</div>
        </td>
    </tr>
</tbody>

<tbody class="passed results-table-row">
    <tr>
        <td class="col-result">passed</td>
        <td class="col-name">tests/test_main.py::test_fiesta_engine_cylinders[0-4]</td>
        <td class="col-duration">0.005</td>
        <td class="col-links"></td>
    </tr>
    <tr>
        <td class="extra" colspan="4">
            <div class="log">No log found.</div>
        </td>
    </tr>
</tbody>

<tbody class="passed results-table-row">
    <tr>
        <td class="col-result">passed</td>
        <td class="col-name">tests/test_main.py::test_fiesta_engine_cylinders[1-4]</td>
        <td class="col-duration">0.006</td>
        <td class="col-links"></td>
    </tr>
    <tr>
        <td class="extra" colspan="4">
            <div class="log">No log found.</div>
        </td>
    </tr>
</tbody>

<tbody class="passed results-table-row">
    <tr>
        <td class="col-result">passed</td>
        <td class="col-name">tests/test_main.py::test_fiesta_wheel_diameter_gt_12[0-4-0]</td>
        <td class="col-duration">0.007</td>
        <td class="col-links"></td>
    </tr>
    <tr>
        <td class="extra" colspan="4">
            <div class="log">No log found.</div>
        </td>
    </tr>
</tbody>

<tbody class="passed results-table-row">
    <tr>
        <td class="col-result">passed</td>
        <td class="col-name">tests/test_main.py::test_fiesta_wheel_diameter_gt_12[0-4-1]</td>
        <td class="col-duration">0.006</td>
        <td class="col-links"></td>
    </tr>
    <tr>
        <td class="extra" colspan="4">
            <div class="log">No log found.</div>
        </td>
    </tr>
</tbody>

<tbody class="failed results-table-row">
    <tr>
        <td class="col-result">failed</td>
        <td class="col-name">tests/test_main.py::test_fiesta_wheel_diameter_gt_12[0-4-2]</td>
        <td class="col-duration">0.007</td>
        <td class="col-links"></td>
    </tr>
    <tr>
        <td class="extra" colspan="4">
            <div class="log">fiesta = <racetest.ford.Fiesta object at 0x0000022760DE1400>, wheel_num = 2

    @pytest.mark.parametrize('wheel_num', [0,1,2,3])
    def test_fiesta_wheel_diameter_gt_12(fiesta, wheel_num):
        wheel = fiesta.wheels[wheel_num]
>       assert wheel.diameter >= 16
E       assert 15.207711382443938 >= 16
E        +  where 15.207711382443938 = <racetest.car.Wheel object at 0x0000022760DE1320>.diameter

tests\test_main.py:19: AssertionError</div>
        </td>
    </tr>
</tbody>

<tbody class="passed results-table-row">
    <tr>
        <td class="col-result">passed</td>
        <td class="col-name">tests/test_main.py::test_fiesta_wheel_diameter_gt_12[0-4-3]</td>
        <td class="col-duration">0.005</td>
        <td class="col-links"></td>
    </tr>
    <tr>
        <td class="extra" colspan="4">
            <div class="log">No log found.</div>
        </td>
    </tr>
</tbody>

<tbody class="passed results-table-row">
    <tr>
        <td class="col-result">passed</td>
        <td class="col-name">tests/test_main.py::test_fiesta_wheel_diameter_gt_12[1-4-0]</td>
        <td class="col-duration">0.006</td>
        <td class="col-links"></td>
    </tr>
    <tr>
        <td class="extra" colspan="4">
            <div class="log">No log found.</div>
        </td>
    </tr>
</tbody>

<tbody class="passed results-table-row">
    <tr>
        <td class="col-result">passed</td>
        <td class="col-name">tests/test_main.py::test_fiesta_wheel_diameter_gt_12[1-4-1]</td>
        <td class="col-duration">0.004</td>
        <td class="col-links"></td>
    </tr>
    <tr>
        <td class="extra" colspan="4">
            <div class="log">No log found.</div>
        </td>
    </tr>
</tbody>

<tbody class="failed results-table-row">
    <tr>
        <td class="col-result">failed</td>
        <td class="col-name">tests/test_main.py::test_fiesta_wheel_diameter_gt_12[1-4-2]</td>
        <td class="col-duration">0.006</td>
        <td class="col-links"></td>
    </tr>
    <tr>
        <td class="extra" colspan="4">
            <div class="log">fiesta = <racetest.ford.Fiesta object at 0x0000022760D1DCF8>, wheel_num = 2

    @pytest.mark.parametrize('wheel_num', [0,1,2,3])
    def test_fiesta_wheel_diameter_gt_12(fiesta, wheel_num):
        wheel = fiesta.wheels[wheel_num]
>       assert wheel.diameter >= 16
E       assert 15.207711382443938 >= 16
E        +  where 15.207711382443938 = <racetest.car.Wheel object at 0x0000022760D1D320>.diameter

tests\test_main.py:19: AssertionError</div>
        </td>
    </tr>
</tbody>

<tbody class="passed results-table-row">
    <tr>
        <td class="col-result">passed</td>
        <td class="col-name">tests/test_main.py::test_fiesta_wheel_diameter_gt_12[1-4-3]</td>
        <td class="col-duration">0.007</td>
        <td class="col-links"></td>
    </tr>
    <tr>
        <td class="extra" colspan="4">
            <div class="log">No log found.</div>
        </td>
    </tr>
</tbody>

</table>

<h2>Race 5</h2>
<p>20 tests ran. </p>
<p class="filter" hidden="true">(Un)check the boxes to filter the results.</p>
<h2>Results</h2>

<input 
    checked="true" 
    class="filter" 
    data-prefix-id="_default-" 
    data-test-result="passed" 
    hidden="true" 
    name="filter_checkbox" 
    onChange="filter_table(this)" 
    type="checkbox" 
/>
<span class="passed">14 passed</span>,
<input 
    checked="true" 
    class="filter" 
    data-prefix-id="_default-" 
    data-test-result="skipped" 
    hidden="true" 
    name="filter_checkbox" 
    onChange="filter_table(this)" 
    type="checkbox" 
/>
<span class="skipped">0 skipped</span>,
<input 
    checked="true" 
    class="filter" 
    data-prefix-id="_default-" 
    data-test-result="failed" 
    hidden="true" 
    name="filter_checkbox" 
    onChange="filter_table(this)" 
    type="checkbox" 
/>
<span class="failed">6 failed</span>,
<input 
    checked="true" 
    class="filter" 
    data-prefix-id="_default-" 
    data-test-result="error" 
    hidden="true" 
    name="filter_checkbox" 
    onChange="filter_table(this)" 
    type="checkbox" 
/>
<span class="error">0 error</span>,
<input 
    checked="true" 
    class="filter" 
    data-prefix-id="_default-" 
    data-test-result="xfailed" 
    hidden="true" 
    name="filter_checkbox" 
    onChange="filter_table(this)" 
    type="checkbox" 
/>
<span class="xfailed">0 xfailed</span>,
<input 
    checked="true" 
    class="filter" 
    data-prefix-id="_default-" 
    data-test-result="xpassed" 
    hidden="true" 
    name="filter_checkbox" 
    onChange="filter_table(this)" 
    type="checkbox" 
/>
<span class="xpassed">0 xpassed</span>

<table class="results-table" id="_default-results-table">
    <thead id="_default-results-table-head">
        <tr>
            <th class="sortable result initial-sort" col="result">Result</th>
            <th class="sortable" col="name">Test</th>
            <th class="sortable numeric" col="duration">Duration</th>
            <th>Links</th>
        </tr>
        <tr hidden="true" id="_default-not-found-message">
            <th colspan="4">No results found. Try to check the filters</th>
        </tr>
    </thead>
    
<tbody class="passed results-table-row">
    <tr>
        <td class="col-result">passed</td>
        <td class="col-name">tests/test_main.py::test_mustang_engine_cylinders[0-5]</td>
        <td class="col-duration">0.006</td>
        <td class="col-links"></td>
    </tr>
    <tr>
        <td class="extra" colspan="4">
            <div class="log">No log found.</div>
        </td>
    </tr>
</tbody>

<tbody class="passed results-table-row">
    <tr>
        <td class="col-result">passed</td>
        <td class="col-name">tests/test_main.py::test_mustang_engine_cylinders[1-5]</td>
        <td class="col-duration">0.007</td>
        <td class="col-links"></td>
    </tr>
    <tr>
        <td class="extra" colspan="4">
            <div class="log">No log found.</div>
        </td>
    </tr>
</tbody>

<tbody class="passed results-table-row">
    <tr>
        <td class="col-result">passed</td>
        <td class="col-name">tests/test_main.py::test_mustang_wheel_diameter_gt_14[0-5-0]</td>
        <td class="col-duration">0.006</td>
        <td class="col-links"></td>
    </tr>
    <tr>
        <td class="extra" colspan="4">
            <div class="log">No log found.</div>
        </td>
    </tr>
</tbody>

<tbody class="passed results-table-row">
    <tr>
        <td class="col-result">passed</td>
        <td class="col-name">tests/test_main.py::test_mustang_wheel_diameter_gt_14[0-5-1]</td>
        <td class="col-duration">0.005</td>
        <td class="col-links"></td>
    </tr>
    <tr>
        <td class="extra" colspan="4">
            <div class="log">No log found.</div>
        </td>
    </tr>
</tbody>

<tbody class="passed results-table-row">
    <tr>
        <td class="col-result">passed</td>
        <td class="col-name">tests/test_main.py::test_mustang_wheel_diameter_gt_14[0-5-2]</td>
        <td class="col-duration">0.005</td>
        <td class="col-links"></td>
    </tr>
    <tr>
        <td class="extra" colspan="4">
            <div class="log">No log found.</div>
        </td>
    </tr>
</tbody>

<tbody class="passed results-table-row">
    <tr>
        <td class="col-result">passed</td>
        <td class="col-name">tests/test_main.py::test_mustang_wheel_diameter_gt_14[0-5-3]</td>
        <td class="col-duration">0.006</td>
        <td class="col-links"></td>
    </tr>
    <tr>
        <td class="extra" colspan="4">
            <div class="log">No log found.</div>
        </td>
    </tr>
</tbody>

<tbody class="passed results-table-row">
    <tr>
        <td class="col-result">passed</td>
        <td class="col-name">tests/test_main.py::test_mustang_wheel_diameter_gt_14[1-5-0]</td>
        <td class="col-duration">0.004</td>
        <td class="col-links"></td>
    </tr>
    <tr>
        <td class="extra" colspan="4">
            <div class="log">No log found.</div>
        </td>
    </tr>
</tbody>

<tbody class="passed results-table-row">
    <tr>
        <td class="col-result">passed</td>
        <td class="col-name">tests/test_main.py::test_mustang_wheel_diameter_gt_14[1-5-1]</td>
        <td class="col-duration">0.007</td>
        <td class="col-links"></td>
    </tr>
    <tr>
        <td class="extra" colspan="4">
            <div class="log">No log found.</div>
        </td>
    </tr>
</tbody>

<tbody class="passed results-table-row">
    <tr>
        <td class="col-result">passed</td>
        <td class="col-name">tests/test_main.py::test_mustang_wheel_diameter_gt_14[1-5-2]</td>
        <td class="col-duration">0.005</td>
        <td class="col-links"></td>
    </tr>
    <tr>
        <td class="extra" colspan="4">
            <div class="log">No log found.</div>
        </td>
    </tr>
</tbody>

<tbody class="passed results-table-row">
    <tr>
        <td class="col-result">passed</td>
        <td class="col-name">tests/test_main.py::test_mustang_wheel_diameter_gt_14[1-5-3]</td>
        <td class="col-duration">0.007</td>
        <td class="col-links"></td>
    </tr>
    <tr>
        <td class="extra" colspan="4">
            <div class="log">No log found.</div>
        </td>
    </tr>
</tbody>

<tbody class="passed results-table-row">
    <tr>
        <td class="col-result">passed</td>
        <td class="col-name">tests/test_main.py::test_fiesta_engine_cylinders[0-5]</td>
        <td class="col-duration">0.005</td>
        <td class="col-links"></td>
    </tr>
    <tr>
        <td class="extra" colspan="4">
            <div class="log">No log found.</div>
        </td>
    </tr>
</tbody>

<tbody class="passed results-table-row">
    <tr>
        <td class="col-result">passed</td>
        <td class="col-name">tests/test_main.py::test_fiesta_engine_cylinders[1-5]</td>
        <td class="col-duration">0.005</td>
        <td class="col-links"></td>
    </tr>
    <tr>
        <td class="extra" colspan="4">
            <div class="log">No log found.</div>
        </td>
    </tr>
</tbody>

<tbody class="failed results-table-row">
    <tr>
        <td class="col-result">failed</td>
        <td class="col-name">tests/test_main.py::test_fiesta_wheel_diameter_gt_12[0-5-0]</td>
        <td class="col-duration">0.008</td>
        <td class="col-links"></td>
    </tr>
    <tr>
        <td class="extra" colspan="4">
            <div class="log">fiesta = <racetest.ford.Fiesta object at 0x0000022760DCDE10>, wheel_num = 0

    @pytest.mark.parametrize('wheel_num', [0,1,2,3])
    def test_fiesta_wheel_diameter_gt_12(fiesta, wheel_num):
        wheel = fiesta.wheels[wheel_num]
>       assert wheel.diameter >= 16
E       assert 15.834564924052955 >= 16
E        +  where 15.834564924052955 = <racetest.car.Wheel object at 0x0000022760DCD780>.diameter

tests\test_main.py:19: AssertionError</div>
        </td>
    </tr>
</tbody>

<tbody class="failed results-table-row">
    <tr>
        <td class="col-result">failed</td>
        <td class="col-name">tests/test_main.py::test_fiesta_wheel_diameter_gt_12[0-5-1]</td>
        <td class="col-duration">0.005</td>
        <td class="col-links"></td>
    </tr>
    <tr>
        <td class="extra" colspan="4">
            <div class="log">fiesta = <racetest.ford.Fiesta object at 0x0000022760DE72E8>, wheel_num = 1

    @pytest.mark.parametrize('wheel_num', [0,1,2,3])
    def test_fiesta_wheel_diameter_gt_12(fiesta, wheel_num):
        wheel = fiesta.wheels[wheel_num]
>       assert wheel.diameter >= 16
E       assert 15.873953935198461 >= 16
E        +  where 15.873953935198461 = <racetest.car.Wheel object at 0x0000022760DE7908>.diameter

tests\test_main.py:19: AssertionError</div>
        </td>
    </tr>
</tbody>

<tbody class="passed results-table-row">
    <tr>
        <td class="col-result">passed</td>
        <td class="col-name">tests/test_main.py::test_fiesta_wheel_diameter_gt_12[0-5-2]</td>
        <td class="col-duration">0.008</td>
        <td class="col-links"></td>
    </tr>
    <tr>
        <td class="extra" colspan="4">
            <div class="log">No log found.</div>
        </td>
    </tr>
</tbody>

<tbody class="failed results-table-row">
    <tr>
        <td class="col-result">failed</td>
        <td class="col-name">tests/test_main.py::test_fiesta_wheel_diameter_gt_12[0-5-3]</td>
        <td class="col-duration">0.007</td>
        <td class="col-links"></td>
    </tr>
    <tr>
        <td class="extra" colspan="4">
            <div class="log">fiesta = <racetest.ford.Fiesta object at 0x0000022760DEC780>, wheel_num = 3

    @pytest.mark.parametrize('wheel_num', [0,1,2,3])
    def test_fiesta_wheel_diameter_gt_12(fiesta, wheel_num):
        wheel = fiesta.wheels[wheel_num]
>       assert wheel.diameter >= 16
E       assert 15.704181671034856 >= 16
E        +  where 15.704181671034856 = <racetest.car.Wheel object at 0x0000022760DEC630>.diameter

tests\test_main.py:19: AssertionError</div>
        </td>
    </tr>
</tbody>

<tbody class="failed results-table-row">
    <tr>
        <td class="col-result">failed</td>
        <td class="col-name">tests/test_main.py::test_fiesta_wheel_diameter_gt_12[1-5-0]</td>
        <td class="col-duration">0.005</td>
        <td class="col-links"></td>
    </tr>
    <tr>
        <td class="extra" colspan="4">
            <div class="log">fiesta = <racetest.ford.Fiesta object at 0x0000022760E32780>, wheel_num = 0

    @pytest.mark.parametrize('wheel_num', [0,1,2,3])
    def test_fiesta_wheel_diameter_gt_12(fiesta, wheel_num):
        wheel = fiesta.wheels[wheel_num]
>       assert wheel.diameter >= 16
E       assert 15.834564924052955 >= 16
E        +  where 15.834564924052955 = <racetest.car.Wheel object at 0x0000022760E320B8>.diameter

tests\test_main.py:19: AssertionError</div>
        </td>
    </tr>
</tbody>

<tbody class="failed results-table-row">
    <tr>
        <td class="col-result">failed</td>
        <td class="col-name">tests/test_main.py::test_fiesta_wheel_diameter_gt_12[1-5-1]</td>
        <td class="col-duration">0.007</td>
        <td class="col-links"></td>
    </tr>
    <tr>
        <td class="extra" colspan="4">
            <div class="log">fiesta = <racetest.ford.Fiesta object at 0x0000022760D1DA20>, wheel_num = 1

    @pytest.mark.parametrize('wheel_num', [0,1,2,3])
    def test_fiesta_wheel_diameter_gt_12(fiesta, wheel_num):
        wheel = fiesta.wheels[wheel_num]
>       assert wheel.diameter >= 16
E       assert 15.873953935198461 >= 16
E        +  where 15.873953935198461 = <racetest.car.Wheel object at 0x0000022760D1D3C8>.diameter

tests\test_main.py:19: AssertionError</div>
        </td>
    </tr>
</tbody>

<tbody class="passed results-table-row">
    <tr>
        <td class="col-result">passed</td>
        <td class="col-name">tests/test_main.py::test_fiesta_wheel_diameter_gt_12[1-5-2]</td>
        <td class="col-duration">0.007</td>
        <td class="col-links"></td>
    </tr>
    <tr>
        <td class="extra" colspan="4">
            <div class="log">No log found.</div>
        </td>
    </tr>
</tbody>

<tbody class="failed results-table-row">
    <tr>
        <td class="col-result">failed</td>
        <td class="col-name">tests/test_main.py::test_fiesta_wheel_diameter_gt_12[1-5-3]</td>
        <td class="col-duration">0.007</td>
        <td class="col-links"></td>
    </tr>
    <tr>
        <td class="extra" colspan="4">
            <div class="log">fiesta = <racetest.ford.Fiesta object at 0x0000022760E3E668>, wheel_num = 3

    @pytest.mark.parametrize('wheel_num', [0,1,2,3])
    def test_fiesta_wheel_diameter_gt_12(fiesta, wheel_num):
        wheel = fiesta.wheels[wheel_num]
>       assert wheel.diameter >= 16
E       assert 15.704181671034856 >= 16
E        +  where 15.704181671034856 = <racetest.car.Wheel object at 0x0000022760E3E0F0>.diameter

tests\test_main.py:19: AssertionError</div>
        </td>
    </tr>
</tbody>

</table>

<h2>Race 6</h2>
<p>20 tests ran. </p>
<p class="filter" hidden="true">(Un)check the boxes to filter the results.</p>
<h2>Results</h2>

<input 
    checked="true" 
    class="filter" 
    data-prefix-id="_default-" 
    data-test-result="passed" 
    hidden="true" 
    name="filter_checkbox" 
    onChange="filter_table(this)" 
    type="checkbox" 
/>
<span class="passed">16 passed</span>,
<input 
    checked="true" 
    class="filter" 
    data-prefix-id="_default-" 
    data-test-result="skipped" 
    hidden="true" 
    name="filter_checkbox" 
    onChange="filter_table(this)" 
    type="checkbox" 
/>
<span class="skipped">0 skipped</span>,
<input 
    checked="true" 
    class="filter" 
    data-prefix-id="_default-" 
    data-test-result="failed" 
    hidden="true" 
    name="filter_checkbox" 
    onChange="filter_table(this)" 
    type="checkbox" 
/>
<span class="failed">4 failed</span>,
<input 
    checked="true" 
    class="filter" 
    data-prefix-id="_default-" 
    data-test-result="error" 
    hidden="true" 
    name="filter_checkbox" 
    onChange="filter_table(this)" 
    type="checkbox" 
/>
<span class="error">0 error</span>,
<input 
    checked="true" 
    class="filter" 
    data-prefix-id="_default-" 
    data-test-result="xfailed" 
    hidden="true" 
    name="filter_checkbox" 
    onChange="filter_table(this)" 
    type="checkbox" 
/>
<span class="xfailed">0 xfailed</span>,
<input 
    checked="true" 
    class="filter" 
    data-prefix-id="_default-" 
    data-test-result="xpassed" 
    hidden="true" 
    name="filter_checkbox" 
    onChange="filter_table(this)" 
    type="checkbox" 
/>
<span class="xpassed">0 xpassed</span>

<table class="results-table" id="_default-results-table">
    <thead id="_default-results-table-head">
        <tr>
            <th class="sortable result initial-sort" col="result">Result</th>
            <th class="sortable" col="name">Test</th>
            <th class="sortable numeric" col="duration">Duration</th>
            <th>Links</th>
        </tr>
        <tr hidden="true" id="_default-not-found-message">
            <th colspan="4">No results found. Try to check the filters</th>
        </tr>
    </thead>
    
<tbody class="passed results-table-row">
    <tr>
        <td class="col-result">passed</td>
        <td class="col-name">tests/test_main.py::test_mustang_engine_cylinders[0-6]</td>
        <td class="col-duration">0.008</td>
        <td class="col-links"></td>
    </tr>
    <tr>
        <td class="extra" colspan="4">
            <div class="log">No log found.</div>
        </td>
    </tr>
</tbody>

<tbody class="passed results-table-row">
    <tr>
        <td class="col-result">passed</td>
        <td class="col-name">tests/test_main.py::test_mustang_engine_cylinders[1-6]</td>
        <td class="col-duration">0.006</td>
        <td class="col-links"></td>
    </tr>
    <tr>
        <td class="extra" colspan="4">
            <div class="log">No log found.</div>
        </td>
    </tr>
</tbody>

<tbody class="passed results-table-row">
    <tr>
        <td class="col-result">passed</td>
        <td class="col-name">tests/test_main.py::test_mustang_wheel_diameter_gt_14[0-6-0]</td>
        <td class="col-duration">0.008</td>
        <td class="col-links"></td>
    </tr>
    <tr>
        <td class="extra" colspan="4">
            <div class="log">No log found.</div>
        </td>
    </tr>
</tbody>

<tbody class="passed results-table-row">
    <tr>
        <td class="col-result">passed</td>
        <td class="col-name">tests/test_main.py::test_mustang_wheel_diameter_gt_14[0-6-1]</td>
        <td class="col-duration">0.006</td>
        <td class="col-links"></td>
    </tr>
    <tr>
        <td class="extra" colspan="4">
            <div class="log">No log found.</div>
        </td>
    </tr>
</tbody>

<tbody class="passed results-table-row">
    <tr>
        <td class="col-result">passed</td>
        <td class="col-name">tests/test_main.py::test_mustang_wheel_diameter_gt_14[0-6-2]</td>
        <td class="col-duration">0.005</td>
        <td class="col-links"></td>
    </tr>
    <tr>
        <td class="extra" colspan="4">
            <div class="log">No log found.</div>
        </td>
    </tr>
</tbody>

<tbody class="passed results-table-row">
    <tr>
        <td class="col-result">passed</td>
        <td class="col-name">tests/test_main.py::test_mustang_wheel_diameter_gt_14[0-6-3]</td>
        <td class="col-duration">0.007</td>
        <td class="col-links"></td>
    </tr>
    <tr>
        <td class="extra" colspan="4">
            <div class="log">No log found.</div>
        </td>
    </tr>
</tbody>

<tbody class="passed results-table-row">
    <tr>
        <td class="col-result">passed</td>
        <td class="col-name">tests/test_main.py::test_mustang_wheel_diameter_gt_14[1-6-0]</td>
        <td class="col-duration">0.005</td>
        <td class="col-links"></td>
    </tr>
    <tr>
        <td class="extra" colspan="4">
            <div class="log">No log found.</div>
        </td>
    </tr>
</tbody>

<tbody class="passed results-table-row">
    <tr>
        <td class="col-result">passed</td>
        <td class="col-name">tests/test_main.py::test_mustang_wheel_diameter_gt_14[1-6-1]</td>
        <td class="col-duration">0.006</td>
        <td class="col-links"></td>
    </tr>
    <tr>
        <td class="extra" colspan="4">
            <div class="log">No log found.</div>
        </td>
    </tr>
</tbody>

<tbody class="passed results-table-row">
    <tr>
        <td class="col-result">passed</td>
        <td class="col-name">tests/test_main.py::test_mustang_wheel_diameter_gt_14[1-6-2]</td>
        <td class="col-duration">0.006</td>
        <td class="col-links"></td>
    </tr>
    <tr>
        <td class="extra" colspan="4">
            <div class="log">No log found.</div>
        </td>
    </tr>
</tbody>

<tbody class="passed results-table-row">
    <tr>
        <td class="col-result">passed</td>
        <td class="col-name">tests/test_main.py::test_mustang_wheel_diameter_gt_14[1-6-3]</td>
        <td class="col-duration">0.007</td>
        <td class="col-links"></td>
    </tr>
    <tr>
        <td class="extra" colspan="4">
            <div class="log">No log found.</div>
        </td>
    </tr>
</tbody>

<tbody class="passed results-table-row">
    <tr>
        <td class="col-result">passed</td>
        <td class="col-name">tests/test_main.py::test_fiesta_engine_cylinders[0-6]</td>
        <td class="col-duration">0.007</td>
        <td class="col-links"></td>
    </tr>
    <tr>
        <td class="extra" colspan="4">
            <div class="log">No log found.</div>
        </td>
    </tr>
</tbody>

<tbody class="passed results-table-row">
    <tr>
        <td class="col-result">passed</td>
        <td class="col-name">tests/test_main.py::test_fiesta_engine_cylinders[1-6]</td>
        <td class="col-duration">0.005</td>
        <td class="col-links"></td>
    </tr>
    <tr>
        <td class="extra" colspan="4">
            <div class="log">No log found.</div>
        </td>
    </tr>
</tbody>

<tbody class="passed results-table-row">
    <tr>
        <td class="col-result">passed</td>
        <td class="col-name">tests/test_main.py::test_fiesta_wheel_diameter_gt_12[0-6-0]</td>
        <td class="col-duration">0.006</td>
        <td class="col-links"></td>
    </tr>
    <tr>
        <td class="extra" colspan="4">
            <div class="log">No log found.</div>
        </td>
    </tr>
</tbody>

<tbody class="failed results-table-row">
    <tr>
        <td class="col-result">failed</td>
        <td class="col-name">tests/test_main.py::test_fiesta_wheel_diameter_gt_12[0-6-1]</td>
        <td class="col-duration">0.009</td>
        <td class="col-links"></td>
    </tr>
    <tr>
        <td class="extra" colspan="4">
            <div class="log">fiesta = <racetest.ford.Fiesta object at 0x0000022760DCCC50>, wheel_num = 1

    @pytest.mark.parametrize('wheel_num', [0,1,2,3])
    def test_fiesta_wheel_diameter_gt_12(fiesta, wheel_num):
        wheel = fiesta.wheels[wheel_num]
>       assert wheel.diameter >= 16
E       assert 15.55045410172643 >= 16
E        +  where 15.55045410172643 = <racetest.car.Wheel object at 0x0000022760DCCDA0>.diameter

tests\test_main.py:19: AssertionError</div>
        </td>
    </tr>
</tbody>

<tbody class="passed results-table-row">
    <tr>
        <td class="col-result">passed</td>
        <td class="col-name">tests/test_main.py::test_fiesta_wheel_diameter_gt_12[0-6-2]</td>
        <td class="col-duration">0.008</td>
        <td class="col-links"></td>
    </tr>
    <tr>
        <td class="extra" colspan="4">
            <div class="log">No log found.</div>
        </td>
    </tr>
</tbody>

<tbody class="failed results-table-row">
    <tr>
        <td class="col-result">failed</td>
        <td class="col-name">tests/test_main.py::test_fiesta_wheel_diameter_gt_12[0-6-3]</td>
        <td class="col-duration">0.009</td>
        <td class="col-links"></td>
    </tr>
    <tr>
        <td class="extra" colspan="4">
            <div class="log">fiesta = <racetest.ford.Fiesta object at 0x0000022760DF7780>, wheel_num = 3

    @pytest.mark.parametrize('wheel_num', [0,1,2,3])
    def test_fiesta_wheel_diameter_gt_12(fiesta, wheel_num):
        wheel = fiesta.wheels[wheel_num]
>       assert wheel.diameter >= 16
E       assert 15.242953385684892 >= 16
E        +  where 15.242953385684892 = <racetest.car.Wheel object at 0x0000022760DF75F8>.diameter

tests\test_main.py:19: AssertionError</div>
        </td>
    </tr>
</tbody>

<tbody class="passed results-table-row">
    <tr>
        <td class="col-result">passed</td>
        <td class="col-name">tests/test_main.py::test_fiesta_wheel_diameter_gt_12[1-6-0]</td>
        <td class="col-duration">0.005</td>
        <td class="col-links"></td>
    </tr>
    <tr>
        <td class="extra" colspan="4">
            <div class="log">No log found.</div>
        </td>
    </tr>
</tbody>

<tbody class="failed results-table-row">
    <tr>
        <td class="col-result">failed</td>
        <td class="col-name">tests/test_main.py::test_fiesta_wheel_diameter_gt_12[1-6-1]</td>
        <td class="col-duration">0.008</td>
        <td class="col-links"></td>
    </tr>
    <tr>
        <td class="extra" colspan="4">
            <div class="log">fiesta = <racetest.ford.Fiesta object at 0x0000022760E32BA8>, wheel_num = 1

    @pytest.mark.parametrize('wheel_num', [0,1,2,3])
    def test_fiesta_wheel_diameter_gt_12(fiesta, wheel_num):
        wheel = fiesta.wheels[wheel_num]
>       assert wheel.diameter >= 16
E       assert 15.55045410172643 >= 16
E        +  where 15.55045410172643 = <racetest.car.Wheel object at 0x0000022760E32DA0>.diameter

tests\test_main.py:19: AssertionError</div>
        </td>
    </tr>
</tbody>

<tbody class="passed results-table-row">
    <tr>
        <td class="col-result">passed</td>
        <td class="col-name">tests/test_main.py::test_fiesta_wheel_diameter_gt_12[1-6-2]</td>
        <td class="col-duration">0.004</td>
        <td class="col-links"></td>
    </tr>
    <tr>
        <td class="extra" colspan="4">
            <div class="log">No log found.</div>
        </td>
    </tr>
</tbody>

<tbody class="failed results-table-row">
    <tr>
        <td class="col-result">failed</td>
        <td class="col-name">tests/test_main.py::test_fiesta_wheel_diameter_gt_12[1-6-3]</td>
        <td class="col-duration">0.007</td>
        <td class="col-links"></td>
    </tr>
    <tr>
        <td class="extra" colspan="4">
            <div class="log">fiesta = <racetest.ford.Fiesta object at 0x0000022760E4AC18>, wheel_num = 3

    @pytest.mark.parametrize('wheel_num', [0,1,2,3])
    def test_fiesta_wheel_diameter_gt_12(fiesta, wheel_num):
        wheel = fiesta.wheels[wheel_num]
>       assert wheel.diameter >= 16
E       assert 15.242953385684892 >= 16
E        +  where 15.242953385684892 = <racetest.car.Wheel object at 0x0000022760E4A160>.diameter

tests\test_main.py:19: AssertionError</div>
        </td>
    </tr>
</tbody>

</table>

<h2>Race 7</h2>
<p>20 tests ran. </p>
<p class="filter" hidden="true">(Un)check the boxes to filter the results.</p>
<h2>Results</h2>

<input 
    checked="true" 
    class="filter" 
    data-prefix-id="_default-" 
    data-test-result="passed" 
    hidden="true" 
    name="filter_checkbox" 
    onChange="filter_table(this)" 
    type="checkbox" 
/>
<span class="passed">16 passed</span>,
<input 
    checked="true" 
    class="filter" 
    data-prefix-id="_default-" 
    data-test-result="skipped" 
    hidden="true" 
    name="filter_checkbox" 
    onChange="filter_table(this)" 
    type="checkbox" 
/>
<span class="skipped">0 skipped</span>,
<input 
    checked="true" 
    class="filter" 
    data-prefix-id="_default-" 
    data-test-result="failed" 
    hidden="true" 
    name="filter_checkbox" 
    onChange="filter_table(this)" 
    type="checkbox" 
/>
<span class="failed">4 failed</span>,
<input 
    checked="true" 
    class="filter" 
    data-prefix-id="_default-" 
    data-test-result="error" 
    hidden="true" 
    name="filter_checkbox" 
    onChange="filter_table(this)" 
    type="checkbox" 
/>
<span class="error">0 error</span>,
<input 
    checked="true" 
    class="filter" 
    data-prefix-id="_default-" 
    data-test-result="xfailed" 
    hidden="true" 
    name="filter_checkbox" 
    onChange="filter_table(this)" 
    type="checkbox" 
/>
<span class="xfailed">0 xfailed</span>,
<input 
    checked="true" 
    class="filter" 
    data-prefix-id="_default-" 
    data-test-result="xpassed" 
    hidden="true" 
    name="filter_checkbox" 
    onChange="filter_table(this)" 
    type="checkbox" 
/>
<span class="xpassed">0 xpassed</span>

<table class="results-table" id="_default-results-table">
    <thead id="_default-results-table-head">
        <tr>
            <th class="sortable result initial-sort" col="result">Result</th>
            <th class="sortable" col="name">Test</th>
            <th class="sortable numeric" col="duration">Duration</th>
            <th>Links</th>
        </tr>
        <tr hidden="true" id="_default-not-found-message">
            <th colspan="4">No results found. Try to check the filters</th>
        </tr>
    </thead>
    
<tbody class="passed results-table-row">
    <tr>
        <td class="col-result">passed</td>
        <td class="col-name">tests/test_main.py::test_mustang_engine_cylinders[0-7]</td>
        <td class="col-duration">0.006</td>
        <td class="col-links"></td>
    </tr>
    <tr>
        <td class="extra" colspan="4">
            <div class="log">No log found.</div>
        </td>
    </tr>
</tbody>

<tbody class="passed results-table-row">
    <tr>
        <td class="col-result">passed</td>
        <td class="col-name">tests/test_main.py::test_mustang_engine_cylinders[1-7]</td>
        <td class="col-duration">0.006</td>
        <td class="col-links"></td>
    </tr>
    <tr>
        <td class="extra" colspan="4">
            <div class="log">No log found.</div>
        </td>
    </tr>
</tbody>

<tbody class="passed results-table-row">
    <tr>
        <td class="col-result">passed</td>
        <td class="col-name">tests/test_main.py::test_mustang_wheel_diameter_gt_14[0-7-0]</td>
        <td class="col-duration">0.005</td>
        <td class="col-links"></td>
    </tr>
    <tr>
        <td class="extra" colspan="4">
            <div class="log">No log found.</div>
        </td>
    </tr>
</tbody>

<tbody class="passed results-table-row">
    <tr>
        <td class="col-result">passed</td>
        <td class="col-name">tests/test_main.py::test_mustang_wheel_diameter_gt_14[0-7-1]</td>
        <td class="col-duration">0.006</td>
        <td class="col-links"></td>
    </tr>
    <tr>
        <td class="extra" colspan="4">
            <div class="log">No log found.</div>
        </td>
    </tr>
</tbody>

<tbody class="passed results-table-row">
    <tr>
        <td class="col-result">passed</td>
        <td class="col-name">tests/test_main.py::test_mustang_wheel_diameter_gt_14[0-7-2]</td>
        <td class="col-duration">0.007</td>
        <td class="col-links"></td>
    </tr>
    <tr>
        <td class="extra" colspan="4">
            <div class="log">No log found.</div>
        </td>
    </tr>
</tbody>

<tbody class="passed results-table-row">
    <tr>
        <td class="col-result">passed</td>
        <td class="col-name">tests/test_main.py::test_mustang_wheel_diameter_gt_14[0-7-3]</td>
        <td class="col-duration">0.005</td>
        <td class="col-links"></td>
    </tr>
    <tr>
        <td class="extra" colspan="4">
            <div class="log">No log found.</div>
        </td>
    </tr>
</tbody>

<tbody class="passed results-table-row">
    <tr>
        <td class="col-result">passed</td>
        <td class="col-name">tests/test_main.py::test_mustang_wheel_diameter_gt_14[1-7-0]</td>
        <td class="col-duration">0.009</td>
        <td class="col-links"></td>
    </tr>
    <tr>
        <td class="extra" colspan="4">
            <div class="log">No log found.</div>
        </td>
    </tr>
</tbody>

<tbody class="passed results-table-row">
    <tr>
        <td class="col-result">passed</td>
        <td class="col-name">tests/test_main.py::test_mustang_wheel_diameter_gt_14[1-7-1]</td>
        <td class="col-duration">0.007</td>
        <td class="col-links"></td>
    </tr>
    <tr>
        <td class="extra" colspan="4">
            <div class="log">No log found.</div>
        </td>
    </tr>
</tbody>

<tbody class="passed results-table-row">
    <tr>
        <td class="col-result">passed</td>
        <td class="col-name">tests/test_main.py::test_mustang_wheel_diameter_gt_14[1-7-2]</td>
        <td class="col-duration">0.006</td>
        <td class="col-links"></td>
    </tr>
    <tr>
        <td class="extra" colspan="4">
            <div class="log">No log found.</div>
        </td>
    </tr>
</tbody>

<tbody class="passed results-table-row">
    <tr>
        <td class="col-result">passed</td>
        <td class="col-name">tests/test_main.py::test_mustang_wheel_diameter_gt_14[1-7-3]</td>
        <td class="col-duration">0.005</td>
        <td class="col-links"></td>
    </tr>
    <tr>
        <td class="extra" colspan="4">
            <div class="log">No log found.</div>
        </td>
    </tr>
</tbody>

<tbody class="passed results-table-row">
    <tr>
        <td class="col-result">passed</td>
        <td class="col-name">tests/test_main.py::test_fiesta_engine_cylinders[0-7]</td>
        <td class="col-duration">0.006</td>
        <td class="col-links"></td>
    </tr>
    <tr>
        <td class="extra" colspan="4">
            <div class="log">No log found.</div>
        </td>
    </tr>
</tbody>

<tbody class="passed results-table-row">
    <tr>
        <td class="col-result">passed</td>
        <td class="col-name">tests/test_main.py::test_fiesta_engine_cylinders[1-7]</td>
        <td class="col-duration">0.006</td>
        <td class="col-links"></td>
    </tr>
    <tr>
        <td class="extra" colspan="4">
            <div class="log">No log found.</div>
        </td>
    </tr>
</tbody>

<tbody class="failed results-table-row">
    <tr>
        <td class="col-result">failed</td>
        <td class="col-name">tests/test_main.py::test_fiesta_wheel_diameter_gt_12[0-7-0]</td>
        <td class="col-duration">0.007</td>
        <td class="col-links"></td>
    </tr>
    <tr>
        <td class="extra" colspan="4">
            <div class="log">fiesta = <racetest.ford.Fiesta object at 0x0000022760DECA20>, wheel_num = 0

    @pytest.mark.parametrize('wheel_num', [0,1,2,3])
    def test_fiesta_wheel_diameter_gt_12(fiesta, wheel_num):
        wheel = fiesta.wheels[wheel_num]
>       assert wheel.diameter >= 16
E       assert 15.767031314729584 >= 16
E        +  where 15.767031314729584 = <racetest.car.Wheel object at 0x0000022760DBB0B8>.diameter

tests\test_main.py:19: AssertionError</div>
        </td>
    </tr>
</tbody>

<tbody class="passed results-table-row">
    <tr>
        <td class="col-result">passed</td>
        <td class="col-name">tests/test_main.py::test_fiesta_wheel_diameter_gt_12[0-7-1]</td>
        <td class="col-duration">0.006</td>
        <td class="col-links"></td>
    </tr>
    <tr>
        <td class="extra" colspan="4">
            <div class="log">No log found.</div>
        </td>
    </tr>
</tbody>

<tbody class="passed results-table-row">
    <tr>
        <td class="col-result">passed</td>
        <td class="col-name">tests/test_main.py::test_fiesta_wheel_diameter_gt_12[0-7-2]</td>
        <td class="col-duration">0.007</td>
        <td class="col-links"></td>
    </tr>
    <tr>
        <td class="extra" colspan="4">
            <div class="log">No log found.</div>
        </td>
    </tr>
</tbody>

<tbody class="failed results-table-row">
    <tr>
        <td class="col-result">failed</td>
        <td class="col-name">tests/test_main.py::test_fiesta_wheel_diameter_gt_12[0-7-3]</td>
        <td class="col-duration">0.006</td>
        <td class="col-links"></td>
    </tr>
    <tr>
        <td class="extra" colspan="4">
            <div class="log">fiesta = <racetest.ford.Fiesta object at 0x0000022760DEC3C8>, wheel_num = 3

    @pytest.mark.parametrize('wheel_num', [0,1,2,3])
    def test_fiesta_wheel_diameter_gt_12(fiesta, wheel_num):
        wheel = fiesta.wheels[wheel_num]
>       assert wheel.diameter >= 16
E       assert 15.12263784682729 >= 16
E        +  where 15.12263784682729 = <racetest.car.Wheel object at 0x0000022760DEC8D0>.diameter

tests\test_main.py:19: AssertionError</div>
        </td>
    </tr>
</tbody>

<tbody class="failed results-table-row">
    <tr>
        <td class="col-result">failed</td>
        <td class="col-name">tests/test_main.py::test_fiesta_wheel_diameter_gt_12[1-7-0]</td>
        <td class="col-duration">0.006</td>
        <td class="col-links"></td>
    </tr>
    <tr>
        <td class="extra" colspan="4">
            <div class="log">fiesta = <racetest.ford.Fiesta object at 0x0000022760E53828>, wheel_num = 0

    @pytest.mark.parametrize('wheel_num', [0,1,2,3])
    def test_fiesta_wheel_diameter_gt_12(fiesta, wheel_num):
        wheel = fiesta.wheels[wheel_num]
>       assert wheel.diameter >= 16
E       assert 15.767031314729584 >= 16
E        +  where 15.767031314729584 = <racetest.car.Wheel object at 0x0000022760E53A90>.diameter

tests\test_main.py:19: AssertionError</div>
        </td>
    </tr>
</tbody>

<tbody class="passed results-table-row">
    <tr>
        <td class="col-result">passed</td>
        <td class="col-name">tests/test_main.py::test_fiesta_wheel_diameter_gt_12[1-7-1]</td>
        <td class="col-duration">0.008</td>
        <td class="col-links"></td>
    </tr>
    <tr>
        <td class="extra" colspan="4">
            <div class="log">No log found.</div>
        </td>
    </tr>
</tbody>

<tbody class="passed results-table-row">
    <tr>
        <td class="col-result">passed</td>
        <td class="col-name">tests/test_main.py::test_fiesta_wheel_diameter_gt_12[1-7-2]</td>
        <td class="col-duration">0.004</td>
        <td class="col-links"></td>
    </tr>
    <tr>
        <td class="extra" colspan="4">
            <div class="log">No log found.</div>
        </td>
    </tr>
</tbody>

<tbody class="failed results-table-row">
    <tr>
        <td class="col-result">failed</td>
        <td class="col-name">tests/test_main.py::test_fiesta_wheel_diameter_gt_12[1-7-3]</td>
        <td class="col-duration">0.007</td>
        <td class="col-links"></td>
    </tr>
    <tr>
        <td class="extra" colspan="4">
            <div class="log">fiesta = <racetest.ford.Fiesta object at 0x0000022760D1D278>, wheel_num = 3

    @pytest.mark.parametrize('wheel_num', [0,1,2,3])
    def test_fiesta_wheel_diameter_gt_12(fiesta, wheel_num):
        wheel = fiesta.wheels[wheel_num]
>       assert wheel.diameter >= 16
E       assert 15.12263784682729 >= 16
E        +  where 15.12263784682729 = <racetest.car.Wheel object at 0x0000022760D1DF28>.diameter

tests\test_main.py:19: AssertionError</div>
        </td>
    </tr>
</tbody>

</table>

<h2>Race 8</h2>
<p>20 tests ran. </p>
<p class="filter" hidden="true">(Un)check the boxes to filter the results.</p>
<h2>Results</h2>

<input 
    checked="true" 
    class="filter" 
    data-prefix-id="_default-" 
    data-test-result="passed" 
    hidden="true" 
    name="filter_checkbox" 
    onChange="filter_table(this)" 
    type="checkbox" 
/>
<span class="passed">18 passed</span>,
<input 
    checked="true" 
    class="filter" 
    data-prefix-id="_default-" 
    data-test-result="skipped" 
    hidden="true" 
    name="filter_checkbox" 
    onChange="filter_table(this)" 
    type="checkbox" 
/>
<span class="skipped">0 skipped</span>,
<input 
    checked="true" 
    class="filter" 
    data-prefix-id="_default-" 
    data-test-result="failed" 
    hidden="true" 
    name="filter_checkbox" 
    onChange="filter_table(this)" 
    type="checkbox" 
/>
<span class="failed">2 failed</span>,
<input 
    checked="true" 
    class="filter" 
    data-prefix-id="_default-" 
    data-test-result="error" 
    hidden="true" 
    name="filter_checkbox" 
    onChange="filter_table(this)" 
    type="checkbox" 
/>
<span class="error">0 error</span>,
<input 
    checked="true" 
    class="filter" 
    data-prefix-id="_default-" 
    data-test-result="xfailed" 
    hidden="true" 
    name="filter_checkbox" 
    onChange="filter_table(this)" 
    type="checkbox" 
/>
<span class="xfailed">0 xfailed</span>,
<input 
    checked="true" 
    class="filter" 
    data-prefix-id="_default-" 
    data-test-result="xpassed" 
    hidden="true" 
    name="filter_checkbox" 
    onChange="filter_table(this)" 
    type="checkbox" 
/>
<span class="xpassed">0 xpassed</span>

<table class="results-table" id="_default-results-table">
    <thead id="_default-results-table-head">
        <tr>
            <th class="sortable result initial-sort" col="result">Result</th>
            <th class="sortable" col="name">Test</th>
            <th class="sortable numeric" col="duration">Duration</th>
            <th>Links</th>
        </tr>
        <tr hidden="true" id="_default-not-found-message">
            <th colspan="4">No results found. Try to check the filters</th>
        </tr>
    </thead>
    
<tbody class="passed results-table-row">
    <tr>
        <td class="col-result">passed</td>
        <td class="col-name">tests/test_main.py::test_mustang_engine_cylinders[0-8]</td>
        <td class="col-duration">0.007</td>
        <td class="col-links"></td>
    </tr>
    <tr>
        <td class="extra" colspan="4">
            <div class="log">No log found.</div>
        </td>
    </tr>
</tbody>

<tbody class="passed results-table-row">
    <tr>
        <td class="col-result">passed</td>
        <td class="col-name">tests/test_main.py::test_mustang_engine_cylinders[1-8]</td>
        <td class="col-duration">0.006</td>
        <td class="col-links"></td>
    </tr>
    <tr>
        <td class="extra" colspan="4">
            <div class="log">No log found.</div>
        </td>
    </tr>
</tbody>

<tbody class="passed results-table-row">
    <tr>
        <td class="col-result">passed</td>
        <td class="col-name">tests/test_main.py::test_mustang_wheel_diameter_gt_14[0-8-0]</td>
        <td class="col-duration">0.007</td>
        <td class="col-links"></td>
    </tr>
    <tr>
        <td class="extra" colspan="4">
            <div class="log">No log found.</div>
        </td>
    </tr>
</tbody>

<tbody class="passed results-table-row">
    <tr>
        <td class="col-result">passed</td>
        <td class="col-name">tests/test_main.py::test_mustang_wheel_diameter_gt_14[0-8-1]</td>
        <td class="col-duration">0.006</td>
        <td class="col-links"></td>
    </tr>
    <tr>
        <td class="extra" colspan="4">
            <div class="log">No log found.</div>
        </td>
    </tr>
</tbody>

<tbody class="passed results-table-row">
    <tr>
        <td class="col-result">passed</td>
        <td class="col-name">tests/test_main.py::test_mustang_wheel_diameter_gt_14[0-8-2]</td>
        <td class="col-duration">0.006</td>
        <td class="col-links"></td>
    </tr>
    <tr>
        <td class="extra" colspan="4">
            <div class="log">No log found.</div>
        </td>
    </tr>
</tbody>

<tbody class="passed results-table-row">
    <tr>
        <td class="col-result">passed</td>
        <td class="col-name">tests/test_main.py::test_mustang_wheel_diameter_gt_14[0-8-3]</td>
        <td class="col-duration">0.005</td>
        <td class="col-links"></td>
    </tr>
    <tr>
        <td class="extra" colspan="4">
            <div class="log">No log found.</div>
        </td>
    </tr>
</tbody>

<tbody class="passed results-table-row">
    <tr>
        <td class="col-result">passed</td>
        <td class="col-name">tests/test_main.py::test_mustang_wheel_diameter_gt_14[1-8-0]</td>
        <td class="col-duration">0.006</td>
        <td class="col-links"></td>
    </tr>
    <tr>
        <td class="extra" colspan="4">
            <div class="log">No log found.</div>
        </td>
    </tr>
</tbody>

<tbody class="passed results-table-row">
    <tr>
        <td class="col-result">passed</td>
        <td class="col-name">tests/test_main.py::test_mustang_wheel_diameter_gt_14[1-8-1]</td>
        <td class="col-duration">0.007</td>
        <td class="col-links"></td>
    </tr>
    <tr>
        <td class="extra" colspan="4">
            <div class="log">No log found.</div>
        </td>
    </tr>
</tbody>

<tbody class="passed results-table-row">
    <tr>
        <td class="col-result">passed</td>
        <td class="col-name">tests/test_main.py::test_mustang_wheel_diameter_gt_14[1-8-2]</td>
        <td class="col-duration">0.005</td>
        <td class="col-links"></td>
    </tr>
    <tr>
        <td class="extra" colspan="4">
            <div class="log">No log found.</div>
        </td>
    </tr>
</tbody>

<tbody class="passed results-table-row">
    <tr>
        <td class="col-result">passed</td>
        <td class="col-name">tests/test_main.py::test_mustang_wheel_diameter_gt_14[1-8-3]</td>
        <td class="col-duration">0.004</td>
        <td class="col-links"></td>
    </tr>
    <tr>
        <td class="extra" colspan="4">
            <div class="log">No log found.</div>
        </td>
    </tr>
</tbody>

<tbody class="passed results-table-row">
    <tr>
        <td class="col-result">passed</td>
        <td class="col-name">tests/test_main.py::test_fiesta_engine_cylinders[0-8]</td>
        <td class="col-duration">0.005</td>
        <td class="col-links"></td>
    </tr>
    <tr>
        <td class="extra" colspan="4">
            <div class="log">No log found.</div>
        </td>
    </tr>
</tbody>

<tbody class="passed results-table-row">
    <tr>
        <td class="col-result">passed</td>
        <td class="col-name">tests/test_main.py::test_fiesta_engine_cylinders[1-8]</td>
        <td class="col-duration">0.005</td>
        <td class="col-links"></td>
    </tr>
    <tr>
        <td class="extra" colspan="4">
            <div class="log">No log found.</div>
        </td>
    </tr>
</tbody>

<tbody class="passed results-table-row">
    <tr>
        <td class="col-result">passed</td>
        <td class="col-name">tests/test_main.py::test_fiesta_wheel_diameter_gt_12[0-8-0]</td>
        <td class="col-duration">0.005</td>
        <td class="col-links"></td>
    </tr>
    <tr>
        <td class="extra" colspan="4">
            <div class="log">No log found.</div>
        </td>
    </tr>
</tbody>

<tbody class="failed results-table-row">
    <tr>
        <td class="col-result">failed</td>
        <td class="col-name">tests/test_main.py::test_fiesta_wheel_diameter_gt_12[0-8-1]</td>
        <td class="col-duration">0.008</td>
        <td class="col-links"></td>
    </tr>
    <tr>
        <td class="extra" colspan="4">
            <div class="log">fiesta = <racetest.ford.Fiesta object at 0x0000022760E0F400>, wheel_num = 1

    @pytest.mark.parametrize('wheel_num', [0,1,2,3])
    def test_fiesta_wheel_diameter_gt_12(fiesta, wheel_num):
        wheel = fiesta.wheels[wheel_num]
>       assert wheel.diameter >= 16
E       assert 15.306825233881531 >= 16
E        +  where 15.306825233881531 = <racetest.car.Wheel object at 0x0000022760E0F5F8>.diameter

tests\test_main.py:19: AssertionError</div>
        </td>
    </tr>
</tbody>

<tbody class="passed results-table-row">
    <tr>
        <td class="col-result">passed</td>
        <td class="col-name">tests/test_main.py::test_fiesta_wheel_diameter_gt_12[0-8-2]</td>
        <td class="col-duration">0.006</td>
        <td class="col-links"></td>
    </tr>
    <tr>
        <td class="extra" colspan="4">
            <div class="log">No log found.</div>
        </td>
    </tr>
</tbody>

<tbody class="passed results-table-row">
    <tr>
        <td class="col-result">passed</td>
        <td class="col-name">tests/test_main.py::test_fiesta_wheel_diameter_gt_12[0-8-3]</td>
        <td class="col-duration">0.006</td>
        <td class="col-links"></td>
    </tr>
    <tr>
        <td class="extra" colspan="4">
            <div class="log">No log found.</div>
        </td>
    </tr>
</tbody>

<tbody class="passed results-table-row">
    <tr>
        <td class="col-result">passed</td>
        <td class="col-name">tests/test_main.py::test_fiesta_wheel_diameter_gt_12[1-8-0]</td>
        <td class="col-duration">0.006</td>
        <td class="col-links"></td>
    </tr>
    <tr>
        <td class="extra" colspan="4">
            <div class="log">No log found.</div>
        </td>
    </tr>
</tbody>

<tbody class="failed results-table-row">
    <tr>
        <td class="col-result">failed</td>
        <td class="col-name">tests/test_main.py::test_fiesta_wheel_diameter_gt_12[1-8-1]</td>
        <td class="col-duration">0.007</td>
        <td class="col-links"></td>
    </tr>
    <tr>
        <td class="extra" colspan="4">
            <div class="log">fiesta = <racetest.ford.Fiesta object at 0x0000022760E56668>, wheel_num = 1

    @pytest.mark.parametrize('wheel_num', [0,1,2,3])
    def test_fiesta_wheel_diameter_gt_12(fiesta, wheel_num):
        wheel = fiesta.wheels[wheel_num]
>       assert wheel.diameter >= 16
E       assert 15.306825233881531 >= 16
E        +  where 15.306825233881531 = <racetest.car.Wheel object at 0x0000022760E56780>.diameter

tests\test_main.py:19: AssertionError</div>
        </td>
    </tr>
</tbody>

<tbody class="passed results-table-row">
    <tr>
        <td class="col-result">passed</td>
        <td class="col-name">tests/test_main.py::test_fiesta_wheel_diameter_gt_12[1-8-2]</td>
        <td class="col-duration">0.006</td>
        <td class="col-links"></td>
    </tr>
    <tr>
        <td class="extra" colspan="4">
            <div class="log">No log found.</div>
        </td>
    </tr>
</tbody>

<tbody class="passed results-table-row">
    <tr>
        <td class="col-result">passed</td>
        <td class="col-name">tests/test_main.py::test_fiesta_wheel_diameter_gt_12[1-8-3]</td>
        <td class="col-duration">0.007</td>
        <td class="col-links"></td>
    </tr>
    <tr>
        <td class="extra" colspan="4">
            <div class="log">No log found.</div>
        </td>
    </tr>
</tbody>

</table>

<h2>Race 9</h2>
<p>20 tests ran. </p>
<p class="filter" hidden="true">(Un)check the boxes to filter the results.</p>
<h2>Results</h2>

<input 
    checked="true" 
    class="filter" 
    data-prefix-id="_default-" 
    data-test-result="passed" 
    hidden="true" 
    name="filter_checkbox" 
    onChange="filter_table(this)" 
    type="checkbox" 
/>
<span class="passed">12 passed</span>,
<input 
    checked="true" 
    class="filter" 
    data-prefix-id="_default-" 
    data-test-result="skipped" 
    hidden="true" 
    name="filter_checkbox" 
    onChange="filter_table(this)" 
    type="checkbox" 
/>
<span class="skipped">0 skipped</span>,
<input 
    checked="true" 
    class="filter" 
    data-prefix-id="_default-" 
    data-test-result="failed" 
    hidden="true" 
    name="filter_checkbox" 
    onChange="filter_table(this)" 
    type="checkbox" 
/>
<span class="failed">8 failed</span>,
<input 
    checked="true" 
    class="filter" 
    data-prefix-id="_default-" 
    data-test-result="error" 
    hidden="true" 
    name="filter_checkbox" 
    onChange="filter_table(this)" 
    type="checkbox" 
/>
<span class="error">0 error</span>,
<input 
    checked="true" 
    class="filter" 
    data-prefix-id="_default-" 
    data-test-result="xfailed" 
    hidden="true" 
    name="filter_checkbox" 
    onChange="filter_table(this)" 
    type="checkbox" 
/>
<span class="xfailed">0 xfailed</span>,
<input 
    checked="true" 
    class="filter" 
    data-prefix-id="_default-" 
    data-test-result="xpassed" 
    hidden="true" 
    name="filter_checkbox" 
    onChange="filter_table(this)" 
    type="checkbox" 
/>
<span class="xpassed">0 xpassed</span>

<table class="results-table" id="_default-results-table">
    <thead id="_default-results-table-head">
        <tr>
            <th class="sortable result initial-sort" col="result">Result</th>
            <th class="sortable" col="name">Test</th>
            <th class="sortable numeric" col="duration">Duration</th>
            <th>Links</th>
        </tr>
        <tr hidden="true" id="_default-not-found-message">
            <th colspan="4">No results found. Try to check the filters</th>
        </tr>
    </thead>
    
<tbody class="passed results-table-row">
    <tr>
        <td class="col-result">passed</td>
        <td class="col-name">tests/test_main.py::test_mustang_engine_cylinders[0-9]</td>
        <td class="col-duration">0.005</td>
        <td class="col-links"></td>
    </tr>
    <tr>
        <td class="extra" colspan="4">
            <div class="log">No log found.</div>
        </td>
    </tr>
</tbody>

<tbody class="passed results-table-row">
    <tr>
        <td class="col-result">passed</td>
        <td class="col-name">tests/test_main.py::test_mustang_engine_cylinders[1-9]</td>
        <td class="col-duration">0.006</td>
        <td class="col-links"></td>
    </tr>
    <tr>
        <td class="extra" colspan="4">
            <div class="log">No log found.</div>
        </td>
    </tr>
</tbody>

<tbody class="passed results-table-row">
    <tr>
        <td class="col-result">passed</td>
        <td class="col-name">tests/test_main.py::test_mustang_wheel_diameter_gt_14[0-9-0]</td>
        <td class="col-duration">0.006</td>
        <td class="col-links"></td>
    </tr>
    <tr>
        <td class="extra" colspan="4">
            <div class="log">No log found.</div>
        </td>
    </tr>
</tbody>

<tbody class="passed results-table-row">
    <tr>
        <td class="col-result">passed</td>
        <td class="col-name">tests/test_main.py::test_mustang_wheel_diameter_gt_14[0-9-1]</td>
        <td class="col-duration">0.006</td>
        <td class="col-links"></td>
    </tr>
    <tr>
        <td class="extra" colspan="4">
            <div class="log">No log found.</div>
        </td>
    </tr>
</tbody>

<tbody class="passed results-table-row">
    <tr>
        <td class="col-result">passed</td>
        <td class="col-name">tests/test_main.py::test_mustang_wheel_diameter_gt_14[0-9-2]</td>
        <td class="col-duration">0.006</td>
        <td class="col-links"></td>
    </tr>
    <tr>
        <td class="extra" colspan="4">
            <div class="log">No log found.</div>
        </td>
    </tr>
</tbody>

<tbody class="passed results-table-row">
    <tr>
        <td class="col-result">passed</td>
        <td class="col-name">tests/test_main.py::test_mustang_wheel_diameter_gt_14[0-9-3]</td>
        <td class="col-duration">0.006</td>
        <td class="col-links"></td>
    </tr>
    <tr>
        <td class="extra" colspan="4">
            <div class="log">No log found.</div>
        </td>
    </tr>
</tbody>

<tbody class="passed results-table-row">
    <tr>
        <td class="col-result">passed</td>
        <td class="col-name">tests/test_main.py::test_mustang_wheel_diameter_gt_14[1-9-0]</td>
        <td class="col-duration">0.007</td>
        <td class="col-links"></td>
    </tr>
    <tr>
        <td class="extra" colspan="4">
            <div class="log">No log found.</div>
        </td>
    </tr>
</tbody>

<tbody class="passed results-table-row">
    <tr>
        <td class="col-result">passed</td>
        <td class="col-name">tests/test_main.py::test_mustang_wheel_diameter_gt_14[1-9-1]</td>
        <td class="col-duration">0.005</td>
        <td class="col-links"></td>
    </tr>
    <tr>
        <td class="extra" colspan="4">
            <div class="log">No log found.</div>
        </td>
    </tr>
</tbody>

<tbody class="passed results-table-row">
    <tr>
        <td class="col-result">passed</td>
        <td class="col-name">tests/test_main.py::test_mustang_wheel_diameter_gt_14[1-9-2]</td>
        <td class="col-duration">0.007</td>
        <td class="col-links"></td>
    </tr>
    <tr>
        <td class="extra" colspan="4">
            <div class="log">No log found.</div>
        </td>
    </tr>
</tbody>

<tbody class="passed results-table-row">
    <tr>
        <td class="col-result">passed</td>
        <td class="col-name">tests/test_main.py::test_mustang_wheel_diameter_gt_14[1-9-3]</td>
        <td class="col-duration">0.007</td>
        <td class="col-links"></td>
    </tr>
    <tr>
        <td class="extra" colspan="4">
            <div class="log">No log found.</div>
        </td>
    </tr>
</tbody>

<tbody class="passed results-table-row">
    <tr>
        <td class="col-result">passed</td>
        <td class="col-name">tests/test_main.py::test_fiesta_engine_cylinders[0-9]</td>
        <td class="col-duration">0.005</td>
        <td class="col-links"></td>
    </tr>
    <tr>
        <td class="extra" colspan="4">
            <div class="log">No log found.</div>
        </td>
    </tr>
</tbody>

<tbody class="passed results-table-row">
    <tr>
        <td class="col-result">passed</td>
        <td class="col-name">tests/test_main.py::test_fiesta_engine_cylinders[1-9]</td>
        <td class="col-duration">0.006</td>
        <td class="col-links"></td>
    </tr>
    <tr>
        <td class="extra" colspan="4">
            <div class="log">No log found.</div>
        </td>
    </tr>
</tbody>

<tbody class="failed results-table-row">
    <tr>
        <td class="col-result">failed</td>
        <td class="col-name">tests/test_main.py::test_fiesta_wheel_diameter_gt_12[0-9-0]</td>
        <td class="col-duration">0.006</td>
        <td class="col-links"></td>
    </tr>
    <tr>
        <td class="extra" colspan="4">
            <div class="log">fiesta = <racetest.ford.Fiesta object at 0x0000022760E0F898>, wheel_num = 0

    @pytest.mark.parametrize('wheel_num', [0,1,2,3])
    def test_fiesta_wheel_diameter_gt_12(fiesta, wheel_num):
        wheel = fiesta.wheels[wheel_num]
>       assert wheel.diameter >= 16
E       assert 15.855227965374901 >= 16
E        +  where 15.855227965374901 = <racetest.car.Wheel object at 0x0000022760E0FE80>.diameter

tests\test_main.py:19: AssertionError</div>
        </td>
    </tr>
</tbody>

<tbody class="failed results-table-row">
    <tr>
        <td class="col-result">failed</td>
        <td class="col-name">tests/test_main.py::test_fiesta_wheel_diameter_gt_12[0-9-1]</td>
        <td class="col-duration">0.007</td>
        <td class="col-links"></td>
    </tr>
    <tr>
        <td class="extra" colspan="4">
            <div class="log">fiesta = <racetest.ford.Fiesta object at 0x0000022760E1A630>, wheel_num = 1

    @pytest.mark.parametrize('wheel_num', [0,1,2,3])
    def test_fiesta_wheel_diameter_gt_12(fiesta, wheel_num):
        wheel = fiesta.wheels[wheel_num]
>       assert wheel.diameter >= 16
E       assert 15.993558621627104 >= 16
E        +  where 15.993558621627104 = <racetest.car.Wheel object at 0x0000022760E1A8D0>.diameter

tests\test_main.py:19: AssertionError</div>
        </td>
    </tr>
</tbody>

<tbody class="failed results-table-row">
    <tr>
        <td class="col-result">failed</td>
        <td class="col-name">tests/test_main.py::test_fiesta_wheel_diameter_gt_12[0-9-2]</td>
        <td class="col-duration">0.006</td>
        <td class="col-links"></td>
    </tr>
    <tr>
        <td class="extra" colspan="4">
            <div class="log">fiesta = <racetest.ford.Fiesta object at 0x0000022760E20B00>, wheel_num = 2

    @pytest.mark.parametrize('wheel_num', [0,1,2,3])
    def test_fiesta_wheel_diameter_gt_12(fiesta, wheel_num):
        wheel = fiesta.wheels[wheel_num]
>       assert wheel.diameter >= 16
E       assert 15.759432318561547 >= 16
E        +  where 15.759432318561547 = <racetest.car.Wheel object at 0x0000022760E20BA8>.diameter

tests\test_main.py:19: AssertionError</div>
        </td>
    </tr>
</tbody>

<tbody class="failed results-table-row">
    <tr>
        <td class="col-result">failed</td>
        <td class="col-name">tests/test_main.py::test_fiesta_wheel_diameter_gt_12[0-9-3]</td>
        <td class="col-duration">0.008</td>
        <td class="col-links"></td>
    </tr>
    <tr>
        <td class="extra" colspan="4">
            <div class="log">fiesta = <racetest.ford.Fiesta object at 0x0000022760E0F7B8>, wheel_num = 3

    @pytest.mark.parametrize('wheel_num', [0,1,2,3])
    def test_fiesta_wheel_diameter_gt_12(fiesta, wheel_num):
        wheel = fiesta.wheels[wheel_num]
>       assert wheel.diameter >= 16
E       assert 15.754564009389126 >= 16
E        +  where 15.754564009389126 = <racetest.car.Wheel object at 0x0000022760E0F4E0>.diameter

tests\test_main.py:19: AssertionError</div>
        </td>
    </tr>
</tbody>

<tbody class="failed results-table-row">
    <tr>
        <td class="col-result">failed</td>
        <td class="col-name">tests/test_main.py::test_fiesta_wheel_diameter_gt_12[1-9-0]</td>
        <td class="col-duration">0.007</td>
        <td class="col-links"></td>
    </tr>
    <tr>
        <td class="extra" colspan="4">
            <div class="log">fiesta = <racetest.ford.Fiesta object at 0x0000022760E662B0>, wheel_num = 0

    @pytest.mark.parametrize('wheel_num', [0,1,2,3])
    def test_fiesta_wheel_diameter_gt_12(fiesta, wheel_num):
        wheel = fiesta.wheels[wheel_num]
>       assert wheel.diameter >= 16
E       assert 15.855227965374901 >= 16
E        +  where 15.855227965374901 = <racetest.car.Wheel object at 0x0000022760E66470>.diameter

tests\test_main.py:19: AssertionError</div>
        </td>
    </tr>
</tbody>

<tbody class="failed results-table-row">
    <tr>
        <td class="col-result">failed</td>
        <td class="col-name">tests/test_main.py::test_fiesta_wheel_diameter_gt_12[1-9-1]</td>
        <td class="col-duration">0.007</td>
        <td class="col-links"></td>
    </tr>
    <tr>
        <td class="extra" colspan="4">
            <div class="log">fiesta = <racetest.ford.Fiesta object at 0x0000022760E56748>, wheel_num = 1

    @pytest.mark.parametrize('wheel_num', [0,1,2,3])
    def test_fiesta_wheel_diameter_gt_12(fiesta, wheel_num):
        wheel = fiesta.wheels[wheel_num]
>       assert wheel.diameter >= 16
E       assert 15.993558621627104 >= 16
E        +  where 15.993558621627104 = <racetest.car.Wheel object at 0x0000022760E562B0>.diameter

tests\test_main.py:19: AssertionError</div>
        </td>
    </tr>
</tbody>

<tbody class="failed results-table-row">
    <tr>
        <td class="col-result">failed</td>
        <td class="col-name">tests/test_main.py::test_fiesta_wheel_diameter_gt_12[1-9-2]</td>
        <td class="col-duration">0.005</td>
        <td class="col-links"></td>
    </tr>
    <tr>
        <td class="extra" colspan="4">
            <div class="log">fiesta = <racetest.ford.Fiesta object at 0x0000022760E4A080>, wheel_num = 2

    @pytest.mark.parametrize('wheel_num', [0,1,2,3])
    def test_fiesta_wheel_diameter_gt_12(fiesta, wheel_num):
        wheel = fiesta.wheels[wheel_num]
>       assert wheel.diameter >= 16
E       assert 15.759432318561547 >= 16
E        +  where 15.759432318561547 = <racetest.car.Wheel object at 0x0000022760E4AF28>.diameter

tests\test_main.py:19: AssertionError</div>
        </td>
    </tr>
</tbody>

<tbody class="failed results-table-row">
    <tr>
        <td class="col-result">failed</td>
        <td class="col-name">tests/test_main.py::test_fiesta_wheel_diameter_gt_12[1-9-3]</td>
        <td class="col-duration">0.008</td>
        <td class="col-links"></td>
    </tr>
    <tr>
        <td class="extra" colspan="4">
            <div class="log">fiesta = <racetest.ford.Fiesta object at 0x0000022760E3E518>, wheel_num = 3

    @pytest.mark.parametrize('wheel_num', [0,1,2,3])
    def test_fiesta_wheel_diameter_gt_12(fiesta, wheel_num):
        wheel = fiesta.wheels[wheel_num]
>       assert wheel.diameter >= 16
E       assert 15.754564009389126 >= 16
E        +  where 15.754564009389126 = <racetest.car.Wheel object at 0x0000022760E3E940>.diameter

tests\test_main.py:19: AssertionError</div>
        </td>
    </tr>
</tbody>

</table>


</body>

</html>